#
# There is insufficient memory for the Java Runtime Environment to continue.
# Native memory allocation (malloc) failed to allocate 371024 bytes for Chunk::new
# Possible reasons:
#   The system is out of physical RAM or swap space
#   The process is running with CompressedOops enabled, and the Java Heap may be blocking the growth of the native heap
# Possible solutions:
#   Reduce memory load on the system
#   Increase physical memory or swap space
#   Check if swap backing store is full
#   Decrease Java heap size (-Xmx/-Xms)
#   Decrease number of Java threads
#   Decrease Java thread stack sizes (-Xss)
#   Set larger code cache with -XX:ReservedCodeCacheSize=
#   JVM is running with Unscaled Compressed Oops mode in which the Java heap is
#     placed in the first 4GB address space. The Java Heap base address is the
#     maximum limit for the native heap growth. Please use -XX:HeapBaseMinAddress
#     to set the Java Heap base and to place the Java Heap above 4GB virtual address.
# This output file may be truncated or incomplete.
#
#  Out of Memory Error (arena.cpp:184), pid=4948, tid=7484
#
# JRE version: Java(TM) SE Runtime Environment (19.0.1+10) (build 19.0.1+10-21)
# Java VM: Java HotSpot(TM) 64-Bit Server VM (19.0.1+10-21, mixed mode, sharing, tiered, compressed oops, compressed class ptrs, g1 gc, windows-amd64)
# No core dump will be written. Minidumps are not enabled by default on client versions of Windows
#

---------------  S U M M A R Y ------------

Command Line: --add-opens=java.base/java.util=ALL-UNNAMED --add-opens=java.base/java.lang=ALL-UNNAMED --add-opens=java.base/java.lang.invoke=ALL-UNNAMED --add-opens=java.prefs/java.util.prefs=ALL-UNNAMED --add-opens=java.base/java.nio.charset=ALL-UNNAMED --add-opens=java.base/java.net=ALL-UNNAMED --add-opens=java.base/java.util.concurrent.atomic=ALL-UNNAMED -XX:MaxMetaspaceSize=384m -XX:+HeapDumpOnOutOfMemoryError -Xms256m -Xmx512m -Dfile.encoding=UTF-8 -Duser.country=FR -Duser.language=fr -Duser.variant -javaagent:C:\Users\Abdellah\.gradle\wrapper\dists\gradle-8.5-bin\5t9huq95ubn472n8rpzujfbqh\gradle-8.5\lib\agents\gradle-instrumentation-agent-8.5.jar org.gradle.launcher.daemon.bootstrap.GradleDaemon 8.5

Host: Intel(R) Celeron(R) N4120 CPU @ 1.10GHz, 4 cores, 7G,  Windows 11 , 64 bit Build 22621 (10.0.22621.3958)
Time: Mon Nov 25 16:29:17 2024 Maroc (heure d64 bit Build 22621 (10.0.22621.3958) elapsed time: 635.068550 seconds (0d 0h 10m 35s)

---------------  T H R E A D  ---------------

Current thread (0x0000029758429910):  JavaThread "C2 CompilerThread0" daemon [_thread_in_native, id=7484, stack(0x000000dbc4400000,0x000000dbc4500000)]


Current CompileTask:
C2: 635069 9518   !   4       java.util.concurrent.locks.AbstractQueuedSynchronizer::acquire (407 bytes)

Stack: [0x000000dbc4400000,0x000000dbc4500000]
Native frames: (J=compiled Java code, j=interpreted, Vv=VM code, C=native code)
V  [jvm.dll+0x6ee8fa]
V  [jvm.dll+0x857a1e]
V  [jvm.dll+0x85940e]
V  [jvm.dll+0x859ac3]
V  [jvm.dll+0x28291f]
V  [jvm.dll+0xc9b5f]
V  [jvm.dll+0xc9ee5]
V  [jvm.dll+0x3bcbac]
V  [jvm.dll+0x1ee12a]
V  [jvm.dll+0x24c41b]
V  [jvm.dll+0x24b671]
V  [jvm.dll+0x1d6d61]
V  [jvm.dll+0x25b0fa]
V  [jvm.dll+0x259588]
V  [jvm.dll+0x807928]
V  [jvm.dll+0x8015fa]
V  [jvm.dll+0x6ed5eb]
C  [ucrtbase.dll+0x29333]
C  [KERNEL32.DLL+0x1257d]
C  [ntdll.dll+0x5af08]


---------------  P R O C E S S  ---------------

Threads class SMR info:
_java_thread_list=0x000002975d643e00, length=59, elements={
0x0000029737aea2a0, 0x0000029758411e80, 0x0000029758412c70, 0x0000029758418bf0,
0x0000029758419520, 0x0000029758419e50, 0x000002975841a780, 0x0000029758429910,
0x000002975842d6a0, 0x0000029758432810, 0x00000297584eb5e0, 0x00000297586a87d0,
0x0000029759fa2d10, 0x0000029759236320, 0x0000029759f381c0, 0x000002975a0aadc0,
0x000002975a0ab860, 0x000002975a0abdb0, 0x000002975a0ac300, 0x000002975a0ac850,
0x000002975a7d3ae0, 0x000002975a7d3590, 0x000002975a7d4580, 0x000002975a7d6560,
0x000002975a7d8540, 0x000002975a7d2af0, 0x000002975a7d5020, 0x000002975a7d5570,
0x000002975a7d7550, 0x000002975a7d5ac0, 0x000002975a7d6010, 0x000002975a7d7ff0,
0x000002975a7d6ab0, 0x000002975a7d7aa0, 0x000002975a7d7000, 0x000002975a7d8a90,
0x000002975a7d1060, 0x000002975a7d15b0, 0x000002975a7d1b00, 0x000002975a7d2050,
0x000002975a0a9dd0, 0x000002975a0aa870, 0x000002975a0ab310, 0x000002975a0aa320,
0x0000029759095820, 0x0000029759095d70, 0x0000029759096810, 0x0000029759091860,
0x0000029759097800, 0x0000029759093840, 0x0000029759093d90, 0x0000029759094830,
0x0000029759094d80, 0x00000297590972b0, 0x0000029759090dc0, 0x0000029759097d50,
0x0000029759092850, 0x00000297590987f0, 0x00000297590942e0
}

Java Threads: ( => current thread )
  0x0000029737aea2a0 JavaThread "main" [_thread_blocked, id=9296, stack(0x000000dbc3700000,0x000000dbc3800000)]
  0x0000029758411e80 JavaThread "Reference Handler" daemon [_thread_blocked, id=21080, stack(0x000000dbc3e00000,0x000000dbc3f00000)]
  0x0000029758412c70 JavaThread "Finalizer" daemon [_thread_blocked, id=4336, stack(0x000000dbc3f00000,0x000000dbc4000000)]
  0x0000029758418bf0 JavaThread "Signal Dispatcher" daemon [_thread_blocked, id=7836, stack(0x000000dbc4000000,0x000000dbc4100000)]
  0x0000029758419520 JavaThread "Attach Listener" daemon [_thread_blocked, id=564, stack(0x000000dbc4100000,0x000000dbc4200000)]
  0x0000029758419e50 JavaThread "Service Thread" daemon [_thread_blocked, id=12524, stack(0x000000dbc4200000,0x000000dbc4300000)]
  0x000002975841a780 JavaThread "Monitor Deflation Thread" daemon [_thread_blocked, id=22372, stack(0x000000dbc4300000,0x000000dbc4400000)]
=>0x0000029758429910 JavaThread "C2 CompilerThread0" daemon [_thread_in_native, id=7484, stack(0x000000dbc4400000,0x000000dbc4500000)]
  0x000002975842d6a0 JavaThread "C1 CompilerThread0" daemon [_thread_blocked, id=8708, stack(0x000000dbc4500000,0x000000dbc4600000)]
  0x0000029758432810 JavaThread "Sweeper thread" daemon [_thread_blocked, id=12168, stack(0x000000dbc4600000,0x000000dbc4700000)]
  0x00000297584eb5e0 JavaThread "Common-Cleaner" daemon [_thread_blocked, id=15656, stack(0x000000dbc4700000,0x000000dbc4800000)]
  0x00000297586a87d0 JavaThread "Notification Thread" daemon [_thread_blocked, id=19460, stack(0x000000dbc4800000,0x000000dbc4900000)]
  0x0000029759fa2d10 JavaThread "Daemon health stats" [_thread_blocked, id=16644, stack(0x000000dbc4e00000,0x000000dbc4f00000)]
  0x0000029759236320 JavaThread "Incoming local TCP Connector on port 61569" [_thread_in_native, id=21484, stack(0x000000dbc4a00000,0x000000dbc4b00000)]
  0x0000029759f381c0 JavaThread "Daemon periodic checks" [_thread_blocked, id=15444, stack(0x000000dbc4f00000,0x000000dbc5000000)]
  0x000002975a0aadc0 JavaThread "Cache worker for journal cache (C:\Users\Abdellah\.gradle\caches\journal-1)" [_thread_blocked, id=12044, stack(0x000000dbc5700000,0x000000dbc5800000)]
  0x000002975a0ab860 JavaThread "File lock request listener" [_thread_in_native, id=6492, stack(0x000000dbc5800000,0x000000dbc5900000)]
  0x000002975a0abdb0 JavaThread "Cache worker for file hash cache (C:\Users\Abdellah\.gradle\caches\8.5\fileHashes)" [_thread_blocked, id=17892, stack(0x000000dbc5900000,0x000000dbc5a00000)]
  0x000002975a0ac300 JavaThread "File watcher server" daemon [_thread_in_native, id=10300, stack(0x000000dbc5b00000,0x000000dbc5c00000)]
  0x000002975a0ac850 JavaThread "File watcher consumer" daemon [_thread_blocked, id=11780, stack(0x000000dbc5c00000,0x000000dbc5d00000)]
  0x000002975a7d3ae0 JavaThread "Cache worker for file content cache (C:\Users\Abdellah\.gradle\caches\8.5\fileContent)" [_thread_blocked, id=9456, stack(0x000000dbc6100000,0x000000dbc6200000)]
  0x000002975a7d3590 JavaThread "Cache worker for execution history cache (C:\Users\Abdellah\.gradle\caches\8.5\executionHistory)" [_thread_blocked, id=2512, stack(0x000000dbc6200000,0x000000dbc6300000)]
  0x000002975a7d4580 JavaThread "Cache worker for kotlin-dsl (C:\Users\Abdellah\.gradle\caches\8.5\kotlin-dsl)" [_thread_blocked, id=20616, stack(0x000000dbc6300000,0x000000dbc6400000)]
  0x000002975a7d6560 JavaThread "jar transforms" [_thread_blocked, id=16056, stack(0x000000dbc5400000,0x000000dbc5500000)]
  0x000002975a7d8540 JavaThread "jar transforms Thread 2" [_thread_blocked, id=19860, stack(0x000000dbc6400000,0x000000dbc6500000)]
  0x000002975a7d2af0 JavaThread "Daemon Thread 2" [_thread_blocked, id=21672, stack(0x000000dbc3400000,0x000000dbc3500000)]
  0x000002975a7d5020 JavaThread "Handler for socket connection from /127.0.0.1:61569 to /127.0.0.1:61595" [_thread_in_native, id=10912, stack(0x000000dbc3500000,0x000000dbc3600000)]
  0x000002975a7d5570 JavaThread "Cancel handler" [_thread_blocked, id=14960, stack(0x000000dbc3600000,0x000000dbc3700000)]
  0x000002975a7d7550 JavaThread "Daemon worker Thread 2" [_thread_blocked, id=14120, stack(0x000000dbc5000000,0x000000dbc5100000)]
  0x000002975a7d5ac0 JavaThread "Asynchronous log dispatcher for DefaultDaemonConnection: socket connection from /127.0.0.1:61569 to /127.0.0.1:61595" [_thread_blocked, id=12516, stack(0x000000dbc5100000,0x000000dbc5200000)]
  0x000002975a7d6010 JavaThread "Stdin handler" [_thread_blocked, id=1148, stack(0x000000dbc5200000,0x000000dbc5300000)]
  0x000002975a7d7ff0 JavaThread "Daemon client event forwarder" [_thread_blocked, id=16000, stack(0x000000dbc5300000,0x000000dbc5400000)]
  0x000002975a7d6ab0 JavaThread "Cache worker for checksums cache (C:\Users\Abdellah\Documents\Projets\Taches_Stage\Backend\starter\.gradle\8.5\checksums)" [_thread_blocked, id=17184, stack(0x000000dbc5500000,0x000000dbc5600000)]
  0x000002975a7d7aa0 JavaThread "Cache worker for file hash cache (C:\Users\Abdellah\Documents\Projets\Taches_Stage\Backend\starter\.gradle\8.5\fileHashes)" [_thread_blocked, id=1216, stack(0x000000dbc5600000,0x000000dbc5700000)]
  0x000002975a7d7000 JavaThread "Cache worker for cache directory md-supplier (C:\Users\Abdellah\.gradle\caches\8.5\md-supplier)" [_thread_blocked, id=7404, stack(0x000000dbc5a00000,0x000000dbc5b00000)]
  0x000002975a7d8a90 JavaThread "Cache worker for cache directory md-rule (C:\Users\Abdellah\.gradle\caches\8.5\md-rule)" [_thread_blocked, id=7564, stack(0x000000dbc5d00000,0x000000dbc5e00000)]
  0x000002975a7d1060 JavaThread "Cache worker for dependencies-accessors (C:\Users\Abdellah\Documents\Projets\Taches_Stage\Backend\starter\.gradle\8.5\dependencies-accessors)" [_thread_blocked, id=7980, stack(0x000000dbc5e00000,0x000000dbc5f00000)]
  0x000002975a7d15b0 JavaThread "Cache worker for Build Output Cleanup Cache (C:\Users\Abdellah\Documents\Projets\Taches_Stage\Backend\starter\.gradle\buildOutputCleanup)" [_thread_blocked, id=21424, stack(0x000000dbc5f00000,0x000000dbc6000000)]
  0x000002975a7d1b00 JavaThread "jar transforms Thread 3" [_thread_blocked, id=6196, stack(0x000000dbc6000000,0x000000dbc6100000)]
  0x000002975a7d2050 JavaThread "jar transforms Thread 4" [_thread_blocked, id=20324, stack(0x000000dbc6500000,0x000000dbc6600000)]
  0x000002975a0a9dd0 JavaThread "Unconstrained build operations" [_thread_blocked, id=14888, stack(0x000000dbc6700000,0x000000dbc6800000)]
  0x000002975a0aa870 JavaThread "Unconstrained build operations Thread 2" [_thread_blocked, id=13736, stack(0x000000dbc6800000,0x000000dbc6900000)]
  0x000002975a0ab310 JavaThread "Unconstrained build operations Thread 3" [_thread_blocked, id=3496, stack(0x000000dbc6900000,0x000000dbc6a00000)]
  0x000002975a0aa320 JavaThread "Memory manager" [_thread_blocked, id=12104, stack(0x000000dbc6a00000,0x000000dbc6b00000)]
  0x0000029759095820 JavaThread "included builds" [_thread_blocked, id=17588, stack(0x000000dbc6b00000,0x000000dbc6c00000)]
  0x0000029759095d70 JavaThread "Execution worker" [_thread_blocked, id=3580, stack(0x000000dbc6c00000,0x000000dbc6d00000)]
  0x0000029759096810 JavaThread "Execution worker Thread 2" [_thread_blocked, id=14564, stack(0x000000dbc6d00000,0x000000dbc6e00000)]
  0x0000029759091860 JavaThread "Execution worker Thread 3" [_thread_blocked, id=16492, stack(0x000000dbc6e00000,0x000000dbc6f00000)]
  0x0000029759097800 JavaThread "Cache worker for execution history cache (C:\Users\Abdellah\Documents\Projets\Taches_Stage\Backend\starter\.gradle\8.5\executionHistory)" [_thread_blocked, id=20980, stack(0x000000dbc6f00000,0x000000dbc7000000)]
  0x0000029759093840 JavaThread "Unconstrained build operations Thread 4" [_thread_blocked, id=20648, stack(0x000000dbc7000000,0x000000dbc7100000)]
  0x0000029759093d90 JavaThread "Unconstrained build operations Thread 5" [_thread_blocked, id=19296, stack(0x000000dbc7100000,0x000000dbc7200000)]
  0x0000029759094830 JavaThread "Unconstrained build operations Thread 6" [_thread_blocked, id=6928, stack(0x000000dbc7200000,0x000000dbc7300000)]
  0x0000029759094d80 JavaThread "Cache worker for Java compile cache (C:\Users\Abdellah\.gradle\caches\8.5\javaCompile)" [_thread_blocked, id=14604, stack(0x000000dbc7300000,0x000000dbc7400000)]
  0x00000297590972b0 JavaThread "Build operations" [_thread_blocked, id=8016, stack(0x000000dbc7400000,0x000000dbc7500000)]
  0x0000029759090dc0 JavaThread "Build operations Thread 2" [_thread_blocked, id=17816, stack(0x000000dbc7500000,0x000000dbc7600000)]
  0x0000029759097d50 JavaThread "Build operations Thread 3" [_thread_blocked, id=4204, stack(0x000000dbc7600000,0x000000dbc7700000)]
  0x0000029759092850 JavaThread "Exec process" [_thread_in_native, id=21196, stack(0x000000dbc7700000,0x000000dbc7800000)]
  0x00000297590987f0 JavaThread "Exec process Thread 2" [_thread_in_native, id=16392, stack(0x000000dbc7800000,0x000000dbc7900000)]
  0x00000297590942e0 JavaThread "Exec process Thread 3" [_thread_in_native, id=19148, stack(0x000000dbc7900000,0x000000dbc7a00000)]

Other Threads:
  0x00000297541a9620 VMThread "VM Thread" [stack: 0x000000dbc3d00000,0x000000dbc3e00000] [id=11960]
  0x00000297586a8d10 WatcherThread "VM Periodic Task Thread" [stack: 0x000000dbc4900000,0x000000dbc4a00000] [id=21372]
  0x0000029737b1b190 WorkerThread "GC Thread#0" [stack: 0x000000dbc3800000,0x000000dbc3900000] [id=6368]
  0x00000297588ac3f0 WorkerThread "GC Thread#1" [stack: 0x000000dbc4b00000,0x000000dbc4c00000] [id=9612]
  0x00000297587361f0 WorkerThread "GC Thread#2" [stack: 0x000000dbc4c00000,0x000000dbc4d00000] [id=12348]
  0x00000297587364c0 WorkerThread "GC Thread#3" [stack: 0x000000dbc4d00000,0x000000dbc4e00000] [id=9664]
  0x0000029737b1c260 ConcurrentGCThread "G1 Main Marker" [stack: 0x000000dbc3900000,0x000000dbc3a00000] [id=19152]
  0x0000029737b1cc90 WorkerThread "G1 Conc#0" [stack: 0x000000dbc3a00000,0x000000dbc3b00000] [id=10544]
  0x0000029737b9e9b0 ConcurrentGCThread "G1 Refine#0" [stack: 0x000000dbc3b00000,0x000000dbc3c00000] [id=10296]
  0x000002975406c790 ConcurrentGCThread "G1 Service" [stack: 0x000000dbc3c00000,0x000000dbc3d00000] [id=17500]

Threads with active compile tasks:
C2 CompilerThread0   635110 9518   !   4       java.util.concurrent.locks.AbstractQueuedSynchronizer::acquire (407 bytes)

VM state: not at safepoint (normal execution)

VM Mutex/Monitor currently owned by a thread: None

Heap address: 0x00000000e0000000, size: 512 MB, Compressed Oops mode: 32-bit

CDS archive(s) mapped at: [0x0000000800000000-0x0000000800c40000-0x0000000800c40000), size 12845056, SharedBaseAddress: 0x0000000800000000, ArchiveRelocationMode: 0.
Compressed class space mapped at: 0x0000000801000000-0x0000000814400000, reserved size: 322961408
Narrow klass base: 0x0000000800000000, Narrow klass shift: 0, Narrow klass range: 0x100000000

GC Precious Log:
 CardTable entry size: 512
 Card Set container configuration: InlinePtr #cards 5 size 8 Array Of Cards #cards 12 size 40 Howl #buckets 4 coarsen threshold 1843 Howl Bitmap #cards 512 size 80 coarsen threshold 460 Card regions per heap region 1 cards per card region 2048
 CPUs: 4 total, 4 available
 Memory: 7995M
 Large Page Support: Disabled
 NUMA Support: Disabled
 Compressed Oops: Enabled (32-bit)
 Heap Region Size: 1M
 Heap Min Capacity: 256M
 Heap Initial Capacity: 256M
 Heap Max Capacity: 512M
 Pre-touch: Disabled
 Parallel Workers: 4
 Concurrent Workers: 1
 Concurrent Refinement Workers: 4
 Periodic GC: Disabled

Heap:
 garbage-first heap   total 262144K, used 159709K [0x00000000e0000000, 0x0000000100000000)
  region size 1024K, 112 young (114688K), 3 survivors (3072K)
 Metaspace       used 71222K, committed 72704K, reserved 380928K
  class space    used 9818K, committed 10560K, reserved 315392K

Heap Regions: E=young(eden), S=young(survivor), O=old, HS=humongous(starts), HC=humongous(continues), CS=collection set, F=free, OA=open archive, CA=closed archive, TAMS=top-at-mark-start (previous, next)
|   0|0x00000000e0000000, 0x00000000e0100000, 0x00000000e0100000|100%| O|  |TAMS 0x00000000e0100000, 0x00000000e0000000| Untracked 
|   1|0x00000000e0100000, 0x00000000e0200000, 0x00000000e0200000|100%| O|  |TAMS 0x00000000e0200000, 0x00000000e0100000| Untracked 
|   2|0x00000000e0200000, 0x00000000e0300000, 0x00000000e0300000|100%|HS|  |TAMS 0x00000000e0300000, 0x00000000e0200000| Complete 
|   3|0x00000000e0300000, 0x00000000e0400000, 0x00000000e0400000|100%|HC|  |TAMS 0x00000000e0400000, 0x00000000e0300000| Complete 
|   4|0x00000000e0400000, 0x00000000e0500000, 0x00000000e0500000|100%|HC|  |TAMS 0x00000000e0500000, 0x00000000e0400000| Complete 
|   5|0x00000000e0500000, 0x00000000e0600000, 0x00000000e0600000|100%|HC|  |TAMS 0x00000000e0600000, 0x00000000e0500000| Complete 
|   6|0x00000000e0600000, 0x00000000e0700000, 0x00000000e0700000|100%| O|  |TAMS 0x00000000e0700000, 0x00000000e0600000| Untracked 
|   7|0x00000000e0700000, 0x00000000e0800000, 0x00000000e0800000|100%| O|  |TAMS 0x00000000e0800000, 0x00000000e0700000| Untracked 
|   8|0x00000000e0800000, 0x00000000e0900000, 0x00000000e0900000|100%| O|  |TAMS 0x00000000e0900000, 0x00000000e0800000| Untracked 
|   9|0x00000000e0900000, 0x00000000e0a00000, 0x00000000e0a00000|100%| O|  |TAMS 0x00000000e0a00000, 0x00000000e0900000| Untracked 
|  10|0x00000000e0a00000, 0x00000000e0b00000, 0x00000000e0b00000|100%| O|  |TAMS 0x00000000e0b00000, 0x00000000e0a00000| Untracked 
|  11|0x00000000e0b00000, 0x00000000e0c00000, 0x00000000e0c00000|100%| O|  |TAMS 0x00000000e0c00000, 0x00000000e0b00000| Untracked 
|  12|0x00000000e0c00000, 0x00000000e0d00000, 0x00000000e0d00000|100%| O|  |TAMS 0x00000000e0d00000, 0x00000000e0c00000| Untracked 
|  13|0x00000000e0d00000, 0x00000000e0e00000, 0x00000000e0e00000|100%| O|  |TAMS 0x00000000e0e00000, 0x00000000e0d00000| Untracked 
|  14|0x00000000e0e00000, 0x00000000e0f00000, 0x00000000e0f00000|100%| O|  |TAMS 0x00000000e0f00000, 0x00000000e0e00000| Untracked 
|  15|0x00000000e0f00000, 0x00000000e1000000, 0x00000000e1000000|100%| O|  |TAMS 0x00000000e1000000, 0x00000000e0f00000| Untracked 
|  16|0x00000000e1000000, 0x00000000e1100000, 0x00000000e1100000|100%| O|  |TAMS 0x00000000e1100000, 0x00000000e1000000| Untracked 
|  17|0x00000000e1100000, 0x00000000e1200000, 0x00000000e1200000|100%| O|  |TAMS 0x00000000e1200000, 0x00000000e1100000| Untracked 
|  18|0x00000000e1200000, 0x00000000e1300000, 0x00000000e1300000|100%| O|  |TAMS 0x00000000e1300000, 0x00000000e1200000| Untracked 
|  19|0x00000000e1300000, 0x00000000e1400000, 0x00000000e1400000|100%| O|  |TAMS 0x00000000e1400000, 0x00000000e1300000| Untracked 
|  20|0x00000000e1400000, 0x00000000e1500000, 0x00000000e1500000|100%| O|  |TAMS 0x00000000e1500000, 0x00000000e1400000| Untracked 
|  21|0x00000000e1500000, 0x00000000e1600000, 0x00000000e1600000|100%| O|  |TAMS 0x00000000e1600000, 0x00000000e1500000| Untracked 
|  22|0x00000000e1600000, 0x00000000e1700000, 0x00000000e1700000|100%| O|  |TAMS 0x00000000e1600000, 0x00000000e1600000| Untracked 
|  23|0x00000000e1700000, 0x00000000e1800000, 0x00000000e1800000|100%| O|  |TAMS 0x00000000e1700000, 0x00000000e1700000| Untracked 
|  24|0x00000000e1800000, 0x00000000e1900000, 0x00000000e1900000|100%| O|  |TAMS 0x00000000e1800000, 0x00000000e1800000| Untracked 
|  25|0x00000000e1900000, 0x00000000e1a00000, 0x00000000e1a00000|100%| O|  |TAMS 0x00000000e1900000, 0x00000000e1900000| Untracked 
|  26|0x00000000e1a00000, 0x00000000e1b00000, 0x00000000e1b00000|100%| O|  |TAMS 0x00000000e1a00000, 0x00000000e1a00000| Untracked 
|  27|0x00000000e1b00000, 0x00000000e1c00000, 0x00000000e1c00000|100%| O|  |TAMS 0x00000000e1c00000, 0x00000000e1b00000| Untracked 
|  28|0x00000000e1c00000, 0x00000000e1d00000, 0x00000000e1d00000|100%| O|  |TAMS 0x00000000e1d00000, 0x00000000e1c00000| Untracked 
|  29|0x00000000e1d00000, 0x00000000e1e00000, 0x00000000e1e00000|100%| O|  |TAMS 0x00000000e1e00000, 0x00000000e1d00000| Complete 
|  30|0x00000000e1e00000, 0x00000000e1f00000, 0x00000000e1f00000|100%| O|  |TAMS 0x00000000e1f00000, 0x00000000e1e00000| Untracked 
|  31|0x00000000e1f00000, 0x00000000e2000000, 0x00000000e2000000|100%| O|  |TAMS 0x00000000e2000000, 0x00000000e1f00000| Untracked 
|  32|0x00000000e2000000, 0x00000000e2100000, 0x00000000e2100000|100%| O|  |TAMS 0x00000000e20f9000, 0x00000000e2000000| Untracked 
|  33|0x00000000e2100000, 0x00000000e2200000, 0x00000000e2200000|100%| O|  |TAMS 0x00000000e2100000, 0x00000000e2100000| Untracked 
|  34|0x00000000e2200000, 0x00000000e2300000, 0x00000000e2300000|100%| O|  |TAMS 0x00000000e2200000, 0x00000000e2200000| Untracked 
|  35|0x00000000e2300000, 0x00000000e2400000, 0x00000000e2400000|100%| O|  |TAMS 0x00000000e2300000, 0x00000000e2300000| Untracked 
|  36|0x00000000e2400000, 0x00000000e2500000, 0x00000000e2500000|100%| O|  |TAMS 0x00000000e2400000, 0x00000000e2400000| Untracked 
|  37|0x00000000e2500000, 0x00000000e2600000, 0x00000000e2600000|100%| O|  |TAMS 0x00000000e2500000, 0x00000000e2500000| Untracked 
|  38|0x00000000e2600000, 0x00000000e2700000, 0x00000000e2700000|100%| O|  |TAMS 0x00000000e2600000, 0x00000000e2600000| Untracked 
|  39|0x00000000e2700000, 0x00000000e2800000, 0x00000000e2800000|100%| O|  |TAMS 0x00000000e2700000, 0x00000000e2700000| Untracked 
|  40|0x00000000e2800000, 0x00000000e2900000, 0x00000000e2900000|100%| O|  |TAMS 0x00000000e2800000, 0x00000000e2800000| Untracked 
|  41|0x00000000e2900000, 0x00000000e2a00000, 0x00000000e2a00000|100%| O|  |TAMS 0x00000000e2900000, 0x00000000e2900000| Untracked 
|  42|0x00000000e2a00000, 0x00000000e2b00000, 0x00000000e2b00000|100%| O|  |TAMS 0x00000000e2a00000, 0x00000000e2a00000| Untracked 
|  43|0x00000000e2b00000, 0x00000000e2c00000, 0x00000000e2c00000|100%| O|  |TAMS 0x00000000e2b00000, 0x00000000e2b00000| Untracked 
|  44|0x00000000e2c00000, 0x00000000e2d00000, 0x00000000e2d00000|100%| O|  |TAMS 0x00000000e2c00000, 0x00000000e2c00000| Untracked 
|  45|0x00000000e2d00000, 0x00000000e2e00000, 0x00000000e2e00000|100%| O|  |TAMS 0x00000000e2d00000, 0x00000000e2d00000| Untracked 
|  46|0x00000000e2e00000, 0x00000000e2e77400, 0x00000000e2f00000| 46%| O|  |TAMS 0x00000000e2e00000, 0x00000000e2e00000| Untracked 
|  47|0x00000000e2f00000, 0x00000000e2f00000, 0x00000000e3000000|  0%| F|  |TAMS 0x00000000e2f00000, 0x00000000e2f00000| Untracked 
|  48|0x00000000e3000000, 0x00000000e3000000, 0x00000000e3100000|  0%| F|  |TAMS 0x00000000e3000000, 0x00000000e3000000| Untracked 
|  49|0x00000000e3100000, 0x00000000e3100000, 0x00000000e3200000|  0%| F|  |TAMS 0x00000000e3100000, 0x00000000e3100000| Untracked 
|  50|0x00000000e3200000, 0x00000000e3200000, 0x00000000e3300000|  0%| F|  |TAMS 0x00000000e3200000, 0x00000000e3200000| Untracked 
|  51|0x00000000e3300000, 0x00000000e3300000, 0x00000000e3400000|  0%| F|  |TAMS 0x00000000e3300000, 0x00000000e3300000| Untracked 
|  52|0x00000000e3400000, 0x00000000e3400000, 0x00000000e3500000|  0%| F|  |TAMS 0x00000000e3400000, 0x00000000e3400000| Untracked 
|  53|0x00000000e3500000, 0x00000000e3500000, 0x00000000e3600000|  0%| F|  |TAMS 0x00000000e3500000, 0x00000000e3500000| Untracked 
|  54|0x00000000e3600000, 0x00000000e3600000, 0x00000000e3700000|  0%| F|  |TAMS 0x00000000e3600000, 0x00000000e3600000| Untracked 
|  55|0x00000000e3700000, 0x00000000e3700000, 0x00000000e3800000|  0%| F|  |TAMS 0x00000000e3700000, 0x00000000e3700000| Untracked 
|  56|0x00000000e3800000, 0x00000000e3800000, 0x00000000e3900000|  0%| F|  |TAMS 0x00000000e3800000, 0x00000000e3800000| Untracked 
|  57|0x00000000e3900000, 0x00000000e3900000, 0x00000000e3a00000|  0%| F|  |TAMS 0x00000000e3900000, 0x00000000e3900000| Untracked 
|  58|0x00000000e3a00000, 0x00000000e3a00000, 0x00000000e3b00000|  0%| F|  |TAMS 0x00000000e3a00000, 0x00000000e3a00000| Untracked 
|  59|0x00000000e3b00000, 0x00000000e3b00000, 0x00000000e3c00000|  0%| F|  |TAMS 0x00000000e3b00000, 0x00000000e3b00000| Untracked 
|  60|0x00000000e3c00000, 0x00000000e3c00000, 0x00000000e3d00000|  0%| F|  |TAMS 0x00000000e3c00000, 0x00000000e3c00000| Untracked 
|  61|0x00000000e3d00000, 0x00000000e3d00000, 0x00000000e3e00000|  0%| F|  |TAMS 0x00000000e3d00000, 0x00000000e3d00000| Untracked 
|  62|0x00000000e3e00000, 0x00000000e3e00000, 0x00000000e3f00000|  0%| F|  |TAMS 0x00000000e3e00000, 0x00000000e3e00000| Untracked 
|  63|0x00000000e3f00000, 0x00000000e3f00000, 0x00000000e4000000|  0%| F|  |TAMS 0x00000000e3f00000, 0x00000000e3f00000| Untracked 
|  64|0x00000000e4000000, 0x00000000e4000000, 0x00000000e4100000|  0%| F|  |TAMS 0x00000000e4000000, 0x00000000e4000000| Untracked 
|  65|0x00000000e4100000, 0x00000000e4100000, 0x00000000e4200000|  0%| F|  |TAMS 0x00000000e4100000, 0x00000000e4100000| Untracked 
|  66|0x00000000e4200000, 0x00000000e4200000, 0x00000000e4300000|  0%| F|  |TAMS 0x00000000e4200000, 0x00000000e4200000| Untracked 
|  67|0x00000000e4300000, 0x00000000e4300000, 0x00000000e4400000|  0%| F|  |TAMS 0x00000000e4300000, 0x00000000e4300000| Untracked 
|  68|0x00000000e4400000, 0x00000000e4400000, 0x00000000e4500000|  0%| F|  |TAMS 0x00000000e4400000, 0x00000000e4400000| Untracked 
|  69|0x00000000e4500000, 0x00000000e4500000, 0x00000000e4600000|  0%| F|  |TAMS 0x00000000e4500000, 0x00000000e4500000| Untracked 
|  70|0x00000000e4600000, 0x00000000e4600000, 0x00000000e4700000|  0%| F|  |TAMS 0x00000000e4600000, 0x00000000e4600000| Untracked 
|  71|0x00000000e4700000, 0x00000000e4700000, 0x00000000e4800000|  0%| F|  |TAMS 0x00000000e4700000, 0x00000000e4700000| Untracked 
|  72|0x00000000e4800000, 0x00000000e4800000, 0x00000000e4900000|  0%| F|  |TAMS 0x00000000e4800000, 0x00000000e4800000| Untracked 
|  73|0x00000000e4900000, 0x00000000e4900000, 0x00000000e4a00000|  0%| F|  |TAMS 0x00000000e4900000, 0x00000000e4900000| Untracked 
|  74|0x00000000e4a00000, 0x00000000e4a00000, 0x00000000e4b00000|  0%| F|  |TAMS 0x00000000e4a00000, 0x00000000e4a00000| Untracked 
|  75|0x00000000e4b00000, 0x00000000e4b00000, 0x00000000e4c00000|  0%| F|  |TAMS 0x00000000e4b00000, 0x00000000e4b00000| Untracked 
|  76|0x00000000e4c00000, 0x00000000e4c00000, 0x00000000e4d00000|  0%| F|  |TAMS 0x00000000e4c00000, 0x00000000e4c00000| Untracked 
|  77|0x00000000e4d00000, 0x00000000e4d00000, 0x00000000e4e00000|  0%| F|  |TAMS 0x00000000e4d00000, 0x00000000e4d00000| Untracked 
|  78|0x00000000e4e00000, 0x00000000e4e00000, 0x00000000e4f00000|  0%| F|  |TAMS 0x00000000e4e00000, 0x00000000e4e00000| Untracked 
|  79|0x00000000e4f00000, 0x00000000e4f00000, 0x00000000e5000000|  0%| F|  |TAMS 0x00000000e4f00000, 0x00000000e4f00000| Untracked 
|  80|0x00000000e5000000, 0x00000000e5000000, 0x00000000e5100000|  0%| F|  |TAMS 0x00000000e5000000, 0x00000000e5000000| Untracked 
|  81|0x00000000e5100000, 0x00000000e5100000, 0x00000000e5200000|  0%| F|  |TAMS 0x00000000e5100000, 0x00000000e5100000| Untracked 
|  82|0x00000000e5200000, 0x00000000e5200000, 0x00000000e5300000|  0%| F|  |TAMS 0x00000000e5200000, 0x00000000e5200000| Untracked 
|  83|0x00000000e5300000, 0x00000000e5300000, 0x00000000e5400000|  0%| F|  |TAMS 0x00000000e5300000, 0x00000000e5300000| Untracked 
|  84|0x00000000e5400000, 0x00000000e5400000, 0x00000000e5500000|  0%| F|  |TAMS 0x00000000e5400000, 0x00000000e5400000| Untracked 
|  85|0x00000000e5500000, 0x00000000e5500000, 0x00000000e5600000|  0%| F|  |TAMS 0x00000000e5500000, 0x00000000e5500000| Untracked 
|  86|0x00000000e5600000, 0x00000000e5600000, 0x00000000e5700000|  0%| F|  |TAMS 0x00000000e5600000, 0x00000000e5600000| Untracked 
|  87|0x00000000e5700000, 0x00000000e5700000, 0x00000000e5800000|  0%| F|  |TAMS 0x00000000e5700000, 0x00000000e5700000| Untracked 
|  88|0x00000000e5800000, 0x00000000e5800000, 0x00000000e5900000|  0%| F|  |TAMS 0x00000000e5800000, 0x00000000e5800000| Untracked 
|  89|0x00000000e5900000, 0x00000000e5900000, 0x00000000e5a00000|  0%| F|  |TAMS 0x00000000e5900000, 0x00000000e5900000| Untracked 
|  90|0x00000000e5a00000, 0x00000000e5a00000, 0x00000000e5b00000|  0%| F|  |TAMS 0x00000000e5a00000, 0x00000000e5a00000| Untracked 
|  91|0x00000000e5b00000, 0x00000000e5b00000, 0x00000000e5c00000|  0%| F|  |TAMS 0x00000000e5b00000, 0x00000000e5b00000| Untracked 
|  92|0x00000000e5c00000, 0x00000000e5c00000, 0x00000000e5d00000|  0%| F|  |TAMS 0x00000000e5c00000, 0x00000000e5c00000| Untracked 
|  93|0x00000000e5d00000, 0x00000000e5d00000, 0x00000000e5e00000|  0%| F|  |TAMS 0x00000000e5d00000, 0x00000000e5d00000| Untracked 
|  94|0x00000000e5e00000, 0x00000000e5e00000, 0x00000000e5f00000|  0%| F|  |TAMS 0x00000000e5e00000, 0x00000000e5e00000| Untracked 
|  95|0x00000000e5f00000, 0x00000000e5f00000, 0x00000000e6000000|  0%| F|  |TAMS 0x00000000e5f00000, 0x00000000e5f00000| Untracked 
|  96|0x00000000e6000000, 0x00000000e6000000, 0x00000000e6100000|  0%| F|  |TAMS 0x00000000e6000000, 0x00000000e6000000| Untracked 
|  97|0x00000000e6100000, 0x00000000e6100000, 0x00000000e6200000|  0%| F|  |TAMS 0x00000000e6100000, 0x00000000e6100000| Untracked 
|  98|0x00000000e6200000, 0x00000000e6200000, 0x00000000e6300000|  0%| F|  |TAMS 0x00000000e6200000, 0x00000000e6200000| Untracked 
|  99|0x00000000e6300000, 0x00000000e6300000, 0x00000000e6400000|  0%| F|  |TAMS 0x00000000e6300000, 0x00000000e6300000| Untracked 
| 100|0x00000000e6400000, 0x00000000e6400000, 0x00000000e6500000|  0%| F|  |TAMS 0x00000000e6400000, 0x00000000e6400000| Untracked 
| 101|0x00000000e6500000, 0x00000000e6500000, 0x00000000e6600000|  0%| F|  |TAMS 0x00000000e6500000, 0x00000000e6500000| Untracked 
| 102|0x00000000e6600000, 0x00000000e6600000, 0x00000000e6700000|  0%| F|  |TAMS 0x00000000e6600000, 0x00000000e6600000| Untracked 
| 103|0x00000000e6700000, 0x00000000e6700000, 0x00000000e6800000|  0%| F|  |TAMS 0x00000000e6700000, 0x00000000e6700000| Untracked 
| 104|0x00000000e6800000, 0x00000000e6800000, 0x00000000e6900000|  0%| F|  |TAMS 0x00000000e6800000, 0x00000000e6800000| Untracked 
| 105|0x00000000e6900000, 0x00000000e6900000, 0x00000000e6a00000|  0%| F|  |TAMS 0x00000000e6900000, 0x00000000e6900000| Untracked 
| 106|0x00000000e6a00000, 0x00000000e6a00000, 0x00000000e6b00000|  0%| F|  |TAMS 0x00000000e6a00000, 0x00000000e6a00000| Untracked 
| 107|0x00000000e6b00000, 0x00000000e6b00000, 0x00000000e6c00000|  0%| F|  |TAMS 0x00000000e6b00000, 0x00000000e6b00000| Untracked 
| 108|0x00000000e6c00000, 0x00000000e6c00000, 0x00000000e6d00000|  0%| F|  |TAMS 0x00000000e6c00000, 0x00000000e6c00000| Untracked 
| 109|0x00000000e6d00000, 0x00000000e6d00000, 0x00000000e6e00000|  0%| F|  |TAMS 0x00000000e6d00000, 0x00000000e6d00000| Untracked 
| 110|0x00000000e6e00000, 0x00000000e6e00000, 0x00000000e6f00000|  0%| F|  |TAMS 0x00000000e6e00000, 0x00000000e6e00000| Untracked 
| 111|0x00000000e6f00000, 0x00000000e6f00000, 0x00000000e7000000|  0%| F|  |TAMS 0x00000000e6f00000, 0x00000000e6f00000| Untracked 
| 112|0x00000000e7000000, 0x00000000e7000000, 0x00000000e7100000|  0%| F|  |TAMS 0x00000000e7000000, 0x00000000e7000000| Untracked 
| 113|0x00000000e7100000, 0x00000000e7100000, 0x00000000e7200000|  0%| F|  |TAMS 0x00000000e7100000, 0x00000000e7100000| Untracked 
| 114|0x00000000e7200000, 0x00000000e7200000, 0x00000000e7300000|  0%| F|  |TAMS 0x00000000e7200000, 0x00000000e7200000| Untracked 
| 115|0x00000000e7300000, 0x00000000e7300000, 0x00000000e7400000|  0%| F|  |TAMS 0x00000000e7300000, 0x00000000e7300000| Untracked 
| 116|0x00000000e7400000, 0x00000000e7400000, 0x00000000e7500000|  0%| F|  |TAMS 0x00000000e7400000, 0x00000000e7400000| Untracked 
| 117|0x00000000e7500000, 0x00000000e7500000, 0x00000000e7600000|  0%| F|  |TAMS 0x00000000e7500000, 0x00000000e7500000| Untracked 
| 118|0x00000000e7600000, 0x00000000e7600000, 0x00000000e7700000|  0%| F|  |TAMS 0x00000000e7600000, 0x00000000e7600000| Untracked 
| 119|0x00000000e7700000, 0x00000000e7700000, 0x00000000e7800000|  0%| F|  |TAMS 0x00000000e7700000, 0x00000000e7700000| Untracked 
| 120|0x00000000e7800000, 0x00000000e7800000, 0x00000000e7900000|  0%| F|  |TAMS 0x00000000e7800000, 0x00000000e7800000| Untracked 
| 121|0x00000000e7900000, 0x00000000e7900000, 0x00000000e7a00000|  0%| F|  |TAMS 0x00000000e7900000, 0x00000000e7900000| Untracked 
| 122|0x00000000e7a00000, 0x00000000e7a00000, 0x00000000e7b00000|  0%| F|  |TAMS 0x00000000e7a00000, 0x00000000e7a00000| Untracked 
| 123|0x00000000e7b00000, 0x00000000e7b00000, 0x00000000e7c00000|  0%| F|  |TAMS 0x00000000e7b00000, 0x00000000e7b00000| Untracked 
| 124|0x00000000e7c00000, 0x00000000e7c00000, 0x00000000e7d00000|  0%| F|  |TAMS 0x00000000e7c00000, 0x00000000e7c00000| Untracked 
| 125|0x00000000e7d00000, 0x00000000e7d00000, 0x00000000e7e00000|  0%| F|  |TAMS 0x00000000e7d00000, 0x00000000e7d00000| Untracked 
| 126|0x00000000e7e00000, 0x00000000e7e00000, 0x00000000e7f00000|  0%| F|  |TAMS 0x00000000e7e00000, 0x00000000e7e00000| Untracked 
| 127|0x00000000e7f00000, 0x00000000e7f00000, 0x00000000e8000000|  0%| F|  |TAMS 0x00000000e7f00000, 0x00000000e7f00000| Untracked 
| 128|0x00000000e8000000, 0x00000000e8000000, 0x00000000e8100000|  0%| F|  |TAMS 0x00000000e8000000, 0x00000000e8000000| Untracked 
| 129|0x00000000e8100000, 0x00000000e8100000, 0x00000000e8200000|  0%| F|  |TAMS 0x00000000e8100000, 0x00000000e8100000| Untracked 
| 130|0x00000000e8200000, 0x00000000e8200000, 0x00000000e8300000|  0%| F|  |TAMS 0x00000000e8200000, 0x00000000e8200000| Untracked 
| 131|0x00000000e8300000, 0x00000000e8300000, 0x00000000e8400000|  0%| F|  |TAMS 0x00000000e8300000, 0x00000000e8300000| Untracked 
| 132|0x00000000e8400000, 0x00000000e8400000, 0x00000000e8500000|  0%| F|  |TAMS 0x00000000e8400000, 0x00000000e8400000| Untracked 
| 133|0x00000000e8500000, 0x00000000e8500000, 0x00000000e8600000|  0%| F|  |TAMS 0x00000000e8500000, 0x00000000e8500000| Untracked 
| 134|0x00000000e8600000, 0x00000000e8600000, 0x00000000e8700000|  0%| F|  |TAMS 0x00000000e8600000, 0x00000000e8600000| Untracked 
| 135|0x00000000e8700000, 0x00000000e8700000, 0x00000000e8800000|  0%| F|  |TAMS 0x00000000e8700000, 0x00000000e8700000| Untracked 
| 136|0x00000000e8800000, 0x00000000e8800000, 0x00000000e8900000|  0%| F|  |TAMS 0x00000000e8800000, 0x00000000e8800000| Untracked 
| 137|0x00000000e8900000, 0x00000000e8900000, 0x00000000e8a00000|  0%| F|  |TAMS 0x00000000e8900000, 0x00000000e8900000| Untracked 
| 138|0x00000000e8a00000, 0x00000000e8a00000, 0x00000000e8b00000|  0%| F|  |TAMS 0x00000000e8a00000, 0x00000000e8a00000| Untracked 
| 139|0x00000000e8b00000, 0x00000000e8b00000, 0x00000000e8c00000|  0%| F|  |TAMS 0x00000000e8b00000, 0x00000000e8b00000| Untracked 
| 140|0x00000000e8c00000, 0x00000000e8c00000, 0x00000000e8d00000|  0%| F|  |TAMS 0x00000000e8c00000, 0x00000000e8c00000| Untracked 
| 141|0x00000000e8d00000, 0x00000000e8d00000, 0x00000000e8e00000|  0%| F|  |TAMS 0x00000000e8d00000, 0x00000000e8d00000| Untracked 
| 142|0x00000000e8e00000, 0x00000000e8e00000, 0x00000000e8f00000|  0%| F|  |TAMS 0x00000000e8e00000, 0x00000000e8e00000| Untracked 
| 143|0x00000000e8f00000, 0x00000000e8f00000, 0x00000000e9000000|  0%| F|  |TAMS 0x00000000e8f00000, 0x00000000e8f00000| Untracked 
| 144|0x00000000e9000000, 0x00000000e90e5b18, 0x00000000e9100000| 89%| E|  |TAMS 0x00000000e9000000, 0x00000000e9000000| Complete 
| 145|0x00000000e9100000, 0x00000000e9200000, 0x00000000e9200000|100%| E|CS|TAMS 0x00000000e9100000, 0x00000000e9100000| Complete 
| 146|0x00000000e9200000, 0x00000000e9300000, 0x00000000e9300000|100%| E|CS|TAMS 0x00000000e9200000, 0x00000000e9200000| Complete 
| 147|0x00000000e9300000, 0x00000000e9400000, 0x00000000e9400000|100%| E|CS|TAMS 0x00000000e9300000, 0x00000000e9300000| Complete 
| 148|0x00000000e9400000, 0x00000000e9500000, 0x00000000e9500000|100%| E|CS|TAMS 0x00000000e9400000, 0x00000000e9400000| Complete 
| 149|0x00000000e9500000, 0x00000000e9600000, 0x00000000e9600000|100%| E|CS|TAMS 0x00000000e9500000, 0x00000000e9500000| Complete 
| 150|0x00000000e9600000, 0x00000000e9700000, 0x00000000e9700000|100%| E|CS|TAMS 0x00000000e9600000, 0x00000000e9600000| Complete 
| 151|0x00000000e9700000, 0x00000000e9800000, 0x00000000e9800000|100%| E|CS|TAMS 0x00000000e9700000, 0x00000000e9700000| Complete 
| 152|0x00000000e9800000, 0x00000000e9900000, 0x00000000e9900000|100%| E|CS|TAMS 0x00000000e9800000, 0x00000000e9800000| Complete 
| 153|0x00000000e9900000, 0x00000000e9a00000, 0x00000000e9a00000|100%| E|CS|TAMS 0x00000000e9900000, 0x00000000e9900000| Complete 
| 154|0x00000000e9a00000, 0x00000000e9b00000, 0x00000000e9b00000|100%| E|CS|TAMS 0x00000000e9a00000, 0x00000000e9a00000| Complete 
| 155|0x00000000e9b00000, 0x00000000e9c00000, 0x00000000e9c00000|100%| E|CS|TAMS 0x00000000e9b00000, 0x00000000e9b00000| Complete 
| 156|0x00000000e9c00000, 0x00000000e9d00000, 0x00000000e9d00000|100%| E|CS|TAMS 0x00000000e9c00000, 0x00000000e9c00000| Complete 
| 157|0x00000000e9d00000, 0x00000000e9e00000, 0x00000000e9e00000|100%| E|CS|TAMS 0x00000000e9d00000, 0x00000000e9d00000| Complete 
| 158|0x00000000e9e00000, 0x00000000e9f00000, 0x00000000e9f00000|100%| E|CS|TAMS 0x00000000e9e00000, 0x00000000e9e00000| Complete 
| 159|0x00000000e9f00000, 0x00000000ea000000, 0x00000000ea000000|100%| E|CS|TAMS 0x00000000e9f00000, 0x00000000e9f00000| Complete 
| 160|0x00000000ea000000, 0x00000000ea100000, 0x00000000ea100000|100%| E|CS|TAMS 0x00000000ea000000, 0x00000000ea000000| Complete 
| 161|0x00000000ea100000, 0x00000000ea200000, 0x00000000ea200000|100%| E|CS|TAMS 0x00000000ea100000, 0x00000000ea100000| Complete 
| 162|0x00000000ea200000, 0x00000000ea300000, 0x00000000ea300000|100%| E|CS|TAMS 0x00000000ea200000, 0x00000000ea200000| Complete 
| 163|0x00000000ea300000, 0x00000000ea400000, 0x00000000ea400000|100%| E|CS|TAMS 0x00000000ea300000, 0x00000000ea300000| Complete 
| 164|0x00000000ea400000, 0x00000000ea500000, 0x00000000ea500000|100%| E|CS|TAMS 0x00000000ea400000, 0x00000000ea400000| Complete 
| 165|0x00000000ea500000, 0x00000000ea600000, 0x00000000ea600000|100%| E|CS|TAMS 0x00000000ea500000, 0x00000000ea500000| Complete 
| 166|0x00000000ea600000, 0x00000000ea700000, 0x00000000ea700000|100%| E|CS|TAMS 0x00000000ea600000, 0x00000000ea600000| Complete 
| 167|0x00000000ea700000, 0x00000000ea800000, 0x00000000ea800000|100%| E|CS|TAMS 0x00000000ea700000, 0x00000000ea700000| Complete 
| 168|0x00000000ea800000, 0x00000000ea900000, 0x00000000ea900000|100%| E|CS|TAMS 0x00000000ea800000, 0x00000000ea800000| Complete 
| 169|0x00000000ea900000, 0x00000000eaa00000, 0x00000000eaa00000|100%| E|CS|TAMS 0x00000000ea900000, 0x00000000ea900000| Complete 
| 170|0x00000000eaa00000, 0x00000000eab00000, 0x00000000eab00000|100%| E|CS|TAMS 0x00000000eaa00000, 0x00000000eaa00000| Complete 
| 171|0x00000000eab00000, 0x00000000eac00000, 0x00000000eac00000|100%| E|CS|TAMS 0x00000000eab00000, 0x00000000eab00000| Complete 
| 172|0x00000000eac00000, 0x00000000ead00000, 0x00000000ead00000|100%| E|CS|TAMS 0x00000000eac00000, 0x00000000eac00000| Complete 
| 173|0x00000000ead00000, 0x00000000eae00000, 0x00000000eae00000|100%| E|CS|TAMS 0x00000000ead00000, 0x00000000ead00000| Complete 
| 174|0x00000000eae00000, 0x00000000eaf00000, 0x00000000eaf00000|100%| E|CS|TAMS 0x00000000eae00000, 0x00000000eae00000| Complete 
| 175|0x00000000eaf00000, 0x00000000eb000000, 0x00000000eb000000|100%| E|CS|TAMS 0x00000000eaf00000, 0x00000000eaf00000| Complete 
| 176|0x00000000eb000000, 0x00000000eb100000, 0x00000000eb100000|100%| E|  |TAMS 0x00000000eb000000, 0x00000000eb000000| Complete 
| 177|0x00000000eb100000, 0x00000000eb200000, 0x00000000eb200000|100%| E|CS|TAMS 0x00000000eb100000, 0x00000000eb100000| Complete 
| 178|0x00000000eb200000, 0x00000000eb300000, 0x00000000eb300000|100%| E|CS|TAMS 0x00000000eb200000, 0x00000000eb200000| Complete 
| 179|0x00000000eb300000, 0x00000000eb400000, 0x00000000eb400000|100%| E|CS|TAMS 0x00000000eb300000, 0x00000000eb300000| Complete 
| 180|0x00000000eb400000, 0x00000000eb500000, 0x00000000eb500000|100%| E|CS|TAMS 0x00000000eb400000, 0x00000000eb400000| Complete 
| 181|0x00000000eb500000, 0x00000000eb600000, 0x00000000eb600000|100%| E|CS|TAMS 0x00000000eb500000, 0x00000000eb500000| Complete 
| 182|0x00000000eb600000, 0x00000000eb700000, 0x00000000eb700000|100%| E|CS|TAMS 0x00000000eb600000, 0x00000000eb600000| Complete 
| 183|0x00000000eb700000, 0x00000000eb800000, 0x00000000eb800000|100%| E|CS|TAMS 0x00000000eb700000, 0x00000000eb700000| Complete 
| 184|0x00000000eb800000, 0x00000000eb900000, 0x00000000eb900000|100%| E|CS|TAMS 0x00000000eb800000, 0x00000000eb800000| Complete 
| 185|0x00000000eb900000, 0x00000000eba00000, 0x00000000eba00000|100%| E|CS|TAMS 0x00000000eb900000, 0x00000000eb900000| Complete 
| 186|0x00000000eba00000, 0x00000000ebb00000, 0x00000000ebb00000|100%| E|CS|TAMS 0x00000000eba00000, 0x00000000eba00000| Complete 
| 187|0x00000000ebb00000, 0x00000000ebc00000, 0x00000000ebc00000|100%| E|CS|TAMS 0x00000000ebb00000, 0x00000000ebb00000| Complete 
| 188|0x00000000ebc00000, 0x00000000ebd00000, 0x00000000ebd00000|100%| E|CS|TAMS 0x00000000ebc00000, 0x00000000ebc00000| Complete 
| 189|0x00000000ebd00000, 0x00000000ebe00000, 0x00000000ebe00000|100%| E|CS|TAMS 0x00000000ebd00000, 0x00000000ebd00000| Complete 
| 190|0x00000000ebe00000, 0x00000000ebf00000, 0x00000000ebf00000|100%| E|CS|TAMS 0x00000000ebe00000, 0x00000000ebe00000| Complete 
| 191|0x00000000ebf00000, 0x00000000ec000000, 0x00000000ec000000|100%| E|CS|TAMS 0x00000000ebf00000, 0x00000000ebf00000| Complete 
| 192|0x00000000ec000000, 0x00000000ec100000, 0x00000000ec100000|100%| E|CS|TAMS 0x00000000ec000000, 0x00000000ec000000| Complete 
| 193|0x00000000ec100000, 0x00000000ec200000, 0x00000000ec200000|100%| E|CS|TAMS 0x00000000ec100000, 0x00000000ec100000| Complete 
| 194|0x00000000ec200000, 0x00000000ec300000, 0x00000000ec300000|100%| E|CS|TAMS 0x00000000ec200000, 0x00000000ec200000| Complete 
| 195|0x00000000ec300000, 0x00000000ec400000, 0x00000000ec400000|100%| E|CS|TAMS 0x00000000ec300000, 0x00000000ec300000| Complete 
| 196|0x00000000ec400000, 0x00000000ec500000, 0x00000000ec500000|100%| E|CS|TAMS 0x00000000ec400000, 0x00000000ec400000| Complete 
| 197|0x00000000ec500000, 0x00000000ec600000, 0x00000000ec600000|100%| E|CS|TAMS 0x00000000ec500000, 0x00000000ec500000| Complete 
| 198|0x00000000ec600000, 0x00000000ec700000, 0x00000000ec700000|100%| E|CS|TAMS 0x00000000ec600000, 0x00000000ec600000| Complete 
| 199|0x00000000ec700000, 0x00000000ec800000, 0x00000000ec800000|100%| E|CS|TAMS 0x00000000ec700000, 0x00000000ec700000| Complete 
| 200|0x00000000ec800000, 0x00000000ec900000, 0x00000000ec900000|100%| E|CS|TAMS 0x00000000ec800000, 0x00000000ec800000| Complete 
| 201|0x00000000ec900000, 0x00000000eca00000, 0x00000000eca00000|100%| E|CS|TAMS 0x00000000ec900000, 0x00000000ec900000| Complete 
| 202|0x00000000eca00000, 0x00000000ecb00000, 0x00000000ecb00000|100%| E|CS|TAMS 0x00000000eca00000, 0x00000000eca00000| Complete 
| 203|0x00000000ecb00000, 0x00000000ecc00000, 0x00000000ecc00000|100%| E|CS|TAMS 0x00000000ecb00000, 0x00000000ecb00000| Complete 
| 204|0x00000000ecc00000, 0x00000000ecd00000, 0x00000000ecd00000|100%| E|CS|TAMS 0x00000000ecc00000, 0x00000000ecc00000| Complete 
| 205|0x00000000ecd00000, 0x00000000ece00000, 0x00000000ece00000|100%| E|CS|TAMS 0x00000000ecd00000, 0x00000000ecd00000| Complete 
| 206|0x00000000ece00000, 0x00000000ecf00000, 0x00000000ecf00000|100%| E|CS|TAMS 0x00000000ece00000, 0x00000000ece00000| Complete 
| 207|0x00000000ecf00000, 0x00000000ed000000, 0x00000000ed000000|100%| E|CS|TAMS 0x00000000ecf00000, 0x00000000ecf00000| Complete 
| 208|0x00000000ed000000, 0x00000000ed100000, 0x00000000ed100000|100%| E|CS|TAMS 0x00000000ed000000, 0x00000000ed000000| Complete 
| 209|0x00000000ed100000, 0x00000000ed200000, 0x00000000ed200000|100%| E|CS|TAMS 0x00000000ed100000, 0x00000000ed100000| Complete 
| 210|0x00000000ed200000, 0x00000000ed300000, 0x00000000ed300000|100%| E|CS|TAMS 0x00000000ed200000, 0x00000000ed200000| Complete 
| 211|0x00000000ed300000, 0x00000000ed400000, 0x00000000ed400000|100%| E|CS|TAMS 0x00000000ed300000, 0x00000000ed300000| Complete 
| 212|0x00000000ed400000, 0x00000000ed500000, 0x00000000ed500000|100%| E|CS|TAMS 0x00000000ed400000, 0x00000000ed400000| Complete 
| 213|0x00000000ed500000, 0x00000000ed600000, 0x00000000ed600000|100%| E|CS|TAMS 0x00000000ed500000, 0x00000000ed500000| Complete 
| 214|0x00000000ed600000, 0x00000000ed700000, 0x00000000ed700000|100%| E|CS|TAMS 0x00000000ed600000, 0x00000000ed600000| Complete 
| 215|0x00000000ed700000, 0x00000000ed800000, 0x00000000ed800000|100%| E|CS|TAMS 0x00000000ed700000, 0x00000000ed700000| Complete 
| 216|0x00000000ed800000, 0x00000000ed900000, 0x00000000ed900000|100%| E|CS|TAMS 0x00000000ed800000, 0x00000000ed800000| Complete 
| 217|0x00000000ed900000, 0x00000000eda00000, 0x00000000eda00000|100%| E|CS|TAMS 0x00000000ed900000, 0x00000000ed900000| Complete 
| 218|0x00000000eda00000, 0x00000000edb00000, 0x00000000edb00000|100%| E|CS|TAMS 0x00000000eda00000, 0x00000000eda00000| Complete 
| 219|0x00000000edb00000, 0x00000000edc00000, 0x00000000edc00000|100%| E|CS|TAMS 0x00000000edb00000, 0x00000000edb00000| Complete 
| 220|0x00000000edc00000, 0x00000000edd00000, 0x00000000edd00000|100%| E|CS|TAMS 0x00000000edc00000, 0x00000000edc00000| Complete 
| 221|0x00000000edd00000, 0x00000000ede00000, 0x00000000ede00000|100%| E|CS|TAMS 0x00000000edd00000, 0x00000000edd00000| Complete 
| 222|0x00000000ede00000, 0x00000000edf00000, 0x00000000edf00000|100%| E|CS|TAMS 0x00000000ede00000, 0x00000000ede00000| Complete 
| 223|0x00000000edf00000, 0x00000000ee000000, 0x00000000ee000000|100%| E|CS|TAMS 0x00000000edf00000, 0x00000000edf00000| Complete 
| 224|0x00000000ee000000, 0x00000000ee100000, 0x00000000ee100000|100%| E|CS|TAMS 0x00000000ee000000, 0x00000000ee000000| Complete 
| 225|0x00000000ee100000, 0x00000000ee200000, 0x00000000ee200000|100%| E|CS|TAMS 0x00000000ee100000, 0x00000000ee100000| Complete 
| 226|0x00000000ee200000, 0x00000000ee300000, 0x00000000ee300000|100%| E|CS|TAMS 0x00000000ee200000, 0x00000000ee200000| Complete 
| 227|0x00000000ee300000, 0x00000000ee400000, 0x00000000ee400000|100%| E|CS|TAMS 0x00000000ee300000, 0x00000000ee300000| Complete 
| 228|0x00000000ee400000, 0x00000000ee500000, 0x00000000ee500000|100%| E|CS|TAMS 0x00000000ee400000, 0x00000000ee400000| Complete 
| 229|0x00000000ee500000, 0x00000000ee600000, 0x00000000ee600000|100%| E|CS|TAMS 0x00000000ee500000, 0x00000000ee500000| Complete 
| 230|0x00000000ee600000, 0x00000000ee700000, 0x00000000ee700000|100%| E|CS|TAMS 0x00000000ee600000, 0x00000000ee600000| Complete 
| 231|0x00000000ee700000, 0x00000000ee800000, 0x00000000ee800000|100%| E|CS|TAMS 0x00000000ee700000, 0x00000000ee700000| Complete 
| 232|0x00000000ee800000, 0x00000000ee900000, 0x00000000ee900000|100%| E|CS|TAMS 0x00000000ee800000, 0x00000000ee800000| Complete 
| 233|0x00000000ee900000, 0x00000000eea00000, 0x00000000eea00000|100%| E|CS|TAMS 0x00000000ee900000, 0x00000000ee900000| Complete 
| 234|0x00000000eea00000, 0x00000000eeb00000, 0x00000000eeb00000|100%| E|CS|TAMS 0x00000000eea00000, 0x00000000eea00000| Complete 
| 235|0x00000000eeb00000, 0x00000000eec00000, 0x00000000eec00000|100%| E|CS|TAMS 0x00000000eeb00000, 0x00000000eeb00000| Complete 
| 236|0x00000000eec00000, 0x00000000eed00000, 0x00000000eed00000|100%| E|CS|TAMS 0x00000000eec00000, 0x00000000eec00000| Complete 
| 237|0x00000000eed00000, 0x00000000eed80000, 0x00000000eee00000| 50%| S|CS|TAMS 0x00000000eed00000, 0x00000000eed00000| Complete 
| 238|0x00000000eee00000, 0x00000000eef00000, 0x00000000eef00000|100%| S|CS|TAMS 0x00000000eee00000, 0x00000000eee00000| Complete 
| 239|0x00000000eef00000, 0x00000000ef000000, 0x00000000ef000000|100%| S|CS|TAMS 0x00000000eef00000, 0x00000000eef00000| Complete 
| 240|0x00000000ef000000, 0x00000000ef100000, 0x00000000ef100000|100%| E|CS|TAMS 0x00000000ef000000, 0x00000000ef000000| Complete 
| 241|0x00000000ef100000, 0x00000000ef200000, 0x00000000ef200000|100%| E|CS|TAMS 0x00000000ef100000, 0x00000000ef100000| Complete 
| 242|0x00000000ef200000, 0x00000000ef300000, 0x00000000ef300000|100%| E|CS|TAMS 0x00000000ef200000, 0x00000000ef200000| Complete 
| 243|0x00000000ef300000, 0x00000000ef400000, 0x00000000ef400000|100%| E|CS|TAMS 0x00000000ef300000, 0x00000000ef300000| Complete 
| 244|0x00000000ef400000, 0x00000000ef500000, 0x00000000ef500000|100%| E|CS|TAMS 0x00000000ef400000, 0x00000000ef400000| Complete 
| 245|0x00000000ef500000, 0x00000000ef600000, 0x00000000ef600000|100%| E|CS|TAMS 0x00000000ef500000, 0x00000000ef500000| Complete 
| 246|0x00000000ef600000, 0x00000000ef700000, 0x00000000ef700000|100%| E|CS|TAMS 0x00000000ef600000, 0x00000000ef600000| Complete 
| 247|0x00000000ef700000, 0x00000000ef800000, 0x00000000ef800000|100%| E|CS|TAMS 0x00000000ef700000, 0x00000000ef700000| Complete 
| 248|0x00000000ef800000, 0x00000000ef900000, 0x00000000ef900000|100%| E|CS|TAMS 0x00000000ef800000, 0x00000000ef800000| Complete 
| 249|0x00000000ef900000, 0x00000000efa00000, 0x00000000efa00000|100%| E|CS|TAMS 0x00000000ef900000, 0x00000000ef900000| Complete 
| 250|0x00000000efa00000, 0x00000000efb00000, 0x00000000efb00000|100%| E|CS|TAMS 0x00000000efa00000, 0x00000000efa00000| Complete 
| 251|0x00000000efb00000, 0x00000000efc00000, 0x00000000efc00000|100%| E|CS|TAMS 0x00000000efb00000, 0x00000000efb00000| Complete 
| 252|0x00000000efc00000, 0x00000000efd00000, 0x00000000efd00000|100%| E|CS|TAMS 0x00000000efc00000, 0x00000000efc00000| Complete 
| 253|0x00000000efd00000, 0x00000000efe00000, 0x00000000efe00000|100%| E|CS|TAMS 0x00000000efd00000, 0x00000000efd00000| Complete 
| 254|0x00000000efe00000, 0x00000000eff00000, 0x00000000eff00000|100%| E|CS|TAMS 0x00000000efe00000, 0x00000000efe00000| Complete 
| 255|0x00000000eff00000, 0x00000000f0000000, 0x00000000f0000000|100%| E|CS|TAMS 0x00000000eff00000, 0x00000000eff00000| Complete 

Card table byte_map: [0x0000029750950000,0x0000029750a50000] _byte_map_base: 0x0000029750250000

Marking Bits (Prev, Next): (CMBitMap*) 0x0000029737b1b800, (CMBitMap*) 0x0000029737b1b7c0
 Prev Bits: [0x0000029751350000, 0x0000029751b50000)
 Next Bits: [0x0000029750b50000, 0x0000029751350000)

Polling page: 0x00000297411f0000

Metaspace:

Usage:
  Non-class:     59.96 MB used.
      Class:      9.59 MB used.
       Both:     69.55 MB used.

Virtual space:
  Non-class space:       64.00 MB reserved,      60.69 MB ( 95%) committed,  1 nodes.
      Class space:      308.00 MB reserved,      10.31 MB (  3%) committed,  1 nodes.
             Both:      372.00 MB reserved,      71.00 MB ( 19%) committed. 

Chunk freelists:
   Non-Class:  2.52 MB
       Class:  1.65 MB
        Both:  4.17 MB

MaxMetaspaceSize: 384.00 MB
CompressedClassSpaceSize: 308.00 MB
Initial GC threshold: 21.00 MB
Current GC threshold: 98.69 MB
CDS: on
MetaspaceReclaimPolicy: balanced
 - commit_granule_bytes: 65536.
 - commit_granule_words: 8192.
 - virtual_space_node_default_size: 8388608.
 - enlarge_chunks_in_place: 1.
 - new_chunks_are_fully_committed: 0.
 - uncommit_free_chunks: 1.
 - use_allocation_guard: 0.


Internal statistics:

num_allocs_failed_limit: 9.
num_arena_births: 3748.
num_arena_deaths: 1228.
num_vsnodes_births: 2.
num_vsnodes_deaths: 0.
num_space_committed: 1136.
num_space_uncommitted: 0.
num_chunks_returned_to_freelist: 1427.
num_chunks_taken_from_freelist: 7645.
num_chunk_merges: 500.
num_chunk_splits: 4542.
num_chunks_enlarged: 2772.
num_inconsistent_stats: 0.

CodeHeap 'non-profiled nmethods': size=120000Kb used=4957Kb max_used=4957Kb free=115042Kb
 bounds [0x0000029748ce0000, 0x00000297491c0000, 0x0000029750210000]
CodeHeap 'profiled nmethods': size=120000Kb used=17076Kb max_used=17076Kb free=102923Kb
 bounds [0x0000029741210000, 0x00000297422c0000, 0x0000029748740000]
CodeHeap 'non-nmethods': size=5760Kb used=2451Kb max_used=2491Kb free=3309Kb
 bounds [0x0000029748740000, 0x00000297489c0000, 0x0000029748ce0000]
 total_blobs=9487 nmethods=8592 adapters=806
 compilation: enabled
              stopped_count=0, restarted_count=0
 full_count=0

Compilation events (20 events):
Event: 618.738 Thread 0x0000029758429910 nmethod 9508 0x00000297491b6010 code [0x00000297491b61a0, 0x00000297491b6258]
Event: 620.931 Thread 0x0000029758429910 9509       4       java.lang.ThreadLocal::set (9 bytes)
Event: 620.949 Thread 0x0000029758429910 nmethod 9509 0x00000297491b6310 code [0x00000297491b64e0, 0x00000297491b6cf8]
Event: 622.083 Thread 0x000002975842d6a0 9510       3       java.util.ArrayList::remove (76 bytes)
Event: 622.085 Thread 0x000002975842d6a0 nmethod 9510 0x00000297422b7b90 code [0x00000297422b7d80, 0x00000297422b8278]
Event: 623.671 Thread 0x000002975842d6a0 9511       1       java.lang.management.MemoryUsage::getMax (5 bytes)
Event: 623.671 Thread 0x000002975842d6a0 nmethod 9511 0x00000297491b7090 code [0x00000297491b7220, 0x00000297491b72d8]
Event: 623.675 Thread 0x000002975842d6a0 9512       3       com.google.common.base.Joiner::join (11 bytes)
Event: 623.676 Thread 0x000002975842d6a0 nmethod 9512 0x00000297422b8490 code [0x00000297422b86c0, 0x00000297422b8da8]
Event: 623.676 Thread 0x000002975842d6a0 9513       3       com.google.common.base.Joiner::join (16 bytes)
Event: 623.676 Thread 0x000002975842d6a0 nmethod 9513 0x00000297422b9090 code [0x00000297422b92a0, 0x00000297422b9858]
Event: 633.682 Thread 0x000002975842d6a0 9514       1       org.gradle.launcher.daemon.server.health.gc.GarbageCollectionStats::getEventCount (5 bytes)
Event: 633.683 Thread 0x000002975842d6a0 nmethod 9514 0x00000297491b7390 code [0x00000297491b7520, 0x00000297491b75d8]
Event: 633.683 Thread 0x000002975842d6a0 9515       3       java.net.DatagramSocket::delegate (22 bytes)
Event: 633.684 Thread 0x000002975842d6a0 nmethod 9515 0x00000297422b9b10 code [0x00000297422b9cc0, 0x00000297422b9ec8]
Event: 633.690 Thread 0x000002975842d6a0 9516       3       com.google.common.base.Joiner::on (12 bytes)
Event: 633.691 Thread 0x000002975842d6a0 nmethod 9516 0x00000297422b9f90 code [0x00000297422ba160, 0x00000297422ba558]
Event: 633.691 Thread 0x000002975842d6a0 9517       3       org.gradle.launcher.daemon.context.DefaultDaemonContext::toString (80 bytes)
Event: 633.693 Thread 0x000002975842d6a0 nmethod 9517 0x00000297422ba710 code [0x00000297422baac0, 0x00000297422bca38]
Event: 635.019 Thread 0x0000029758429910 9518   !   4       java.util.concurrent.locks.AbstractQueuedSynchronizer::acquire (407 bytes)

GC Heap History (18 events):
Event: 0.672 GC heap before
{Heap before GC invocations=0 (full 0):
 garbage-first heap   total 262144K, used 12288K [0x00000000e0000000, 0x0000000100000000)
  region size 1024K, 13 young (13312K), 0 survivors (0K)
 Metaspace       used 1020K, committed 1152K, reserved 380928K
  class space    used 76K, committed 128K, reserved 315392K
}
Event: 0.677 GC heap after
{Heap after GC invocations=1 (full 0):
 garbage-first heap   total 262144K, used 3120K [0x00000000e0000000, 0x0000000100000000)
  region size 1024K, 2 young (2048K), 2 survivors (2048K)
 Metaspace       used 1020K, committed 1152K, reserved 380928K
  class space    used 76K, committed 128K, reserved 315392K
}
Event: 1.474 GC heap before
{Heap before GC invocations=1 (full 0):
 garbage-first heap   total 262144K, used 23600K [0x00000000e0000000, 0x0000000100000000)
  region size 1024K, 18 young (18432K), 2 survivors (2048K)
 Metaspace       used 4009K, committed 4224K, reserved 380928K
  class space    used 485K, committed 576K, reserved 315392K
}
Event: 1.481 GC heap after
{Heap after GC invocations=2 (full 0):
 garbage-first heap   total 262144K, used 10569K [0x00000000e0000000, 0x0000000100000000)
  region size 1024K, 3 young (3072K), 3 survivors (3072K)
 Metaspace       used 4009K, committed 4224K, reserved 380928K
  class space    used 485K, committed 576K, reserved 315392K
}
Event: 2.149 GC heap before
{Heap before GC invocations=2 (full 0):
 garbage-first heap   total 262144K, used 36169K [0x00000000e0000000, 0x0000000100000000)
  region size 1024K, 28 young (28672K), 3 survivors (3072K)
 Metaspace       used 4106K, committed 4288K, reserved 380928K
  class space    used 486K, committed 576K, reserved 315392K
}
Event: 2.154 GC heap after
{Heap after GC invocations=3 (full 0):
 garbage-first heap   total 262144K, used 12030K [0x00000000e0000000, 0x0000000100000000)
  region size 1024K, 2 young (2048K), 2 survivors (2048K)
 Metaspace       used 4106K, committed 4288K, reserved 380928K
  class space    used 486K, committed 576K, reserved 315392K
}
Event: 6.440 GC heap before
{Heap before GC invocations=3 (full 0):
 garbage-first heap   total 262144K, used 114430K [0x00000000e0000000, 0x0000000100000000)
  region size 1024K, 103 young (105472K), 2 survivors (2048K)
 Metaspace       used 20835K, committed 21504K, reserved 380928K
  class space    used 2965K, committed 3328K, reserved 315392K
}
Event: 6.462 GC heap after
{Heap after GC invocations=4 (full 0):
 garbage-first heap   total 262144K, used 22380K [0x00000000e0000000, 0x0000000100000000)
  region size 1024K, 12 young (12288K), 12 survivors (12288K)
 Metaspace       used 20835K, committed 21504K, reserved 380928K
  class space    used 2965K, committed 3328K, reserved 315392K
}
Event: 9.351 GC heap before
{Heap before GC invocations=5 (full 0):
 garbage-first heap   total 262144K, used 124780K [0x00000000e0000000, 0x0000000100000000)
  region size 1024K, 113 young (115712K), 12 survivors (12288K)
 Metaspace       used 33932K, committed 35136K, reserved 380928K
  class space    used 4731K, committed 5376K, reserved 315392K
}
Event: 9.379 GC heap after
{Heap after GC invocations=6 (full 0):
 garbage-first heap   total 262144K, used 29802K [0x00000000e0000000, 0x0000000100000000)
  region size 1024K, 8 young (8192K), 8 survivors (8192K)
 Metaspace       used 33932K, committed 35136K, reserved 380928K
  class space    used 4731K, committed 5376K, reserved 315392K
}
Event: 9.531 GC heap before
{Heap before GC invocations=6 (full 0):
 garbage-first heap   total 262144K, used 43114K [0x00000000e0000000, 0x0000000100000000)
  region size 1024K, 21 young (21504K), 8 survivors (8192K)
 Metaspace       used 34791K, committed 35968K, reserved 380928K
  class space    used 4742K, committed 5376K, reserved 315392K
}
Event: 9.540 GC heap after
{Heap after GC invocations=7 (full 0):
 garbage-first heap   total 262144K, used 30322K [0x00000000e0000000, 0x0000000100000000)
  region size 1024K, 7 young (7168K), 7 survivors (7168K)
 Metaspace       used 34791K, committed 35968K, reserved 380928K
  class space    used 4742K, committed 5376K, reserved 315392K
}
Event: 586.308 GC heap before
{Heap before GC invocations=8 (full 0):
 garbage-first heap   total 262144K, used 169586K [0x00000000e0000000, 0x0000000100000000)
  region size 1024K, 144 young (147456K), 7 survivors (7168K)
 Metaspace       used 48049K, committed 49792K, reserved 380928K
  class space    used 6842K, committed 7744K, reserved 315392K
}
Event: 586.346 GC heap after
{Heap after GC invocations=9 (full 0):
 garbage-first heap   total 262144K, used 35121K [0x00000000e0000000, 0x0000000100000000)
  region size 1024K, 13 young (13312K), 13 survivors (13312K)
 Metaspace       used 48049K, committed 49792K, reserved 380928K
  class space    used 6842K, committed 7744K, reserved 315392K
}
Event: 590.259 GC heap before
{Heap before GC invocations=9 (full 0):
 garbage-first heap   total 262144K, used 183601K [0x00000000e0000000, 0x0000000100000000)
  region size 1024K, 153 young (156672K), 13 survivors (13312K)
 Metaspace       used 57566K, committed 59456K, reserved 380928K
  class space    used 8049K, committed 9024K, reserved 315392K
}
Event: 590.313 GC heap after
{Heap after GC invocations=10 (full 0):
 garbage-first heap   total 262144K, used 48612K [0x00000000e0000000, 0x0000000100000000)
  region size 1024K, 20 young (20480K), 20 survivors (20480K)
 Metaspace       used 57566K, committed 59456K, reserved 380928K
  class space    used 8049K, committed 9024K, reserved 315392K
}
Event: 590.934 GC heap before
{Heap before GC invocations=10 (full 0):
 garbage-first heap   total 262144K, used 63972K [0x00000000e0000000, 0x0000000100000000)
  region size 1024K, 36 young (36864K), 20 survivors (20480K)
 Metaspace       used 58458K, committed 60288K, reserved 380928K
  class space    used 8191K, committed 9152K, reserved 315392K
}
Event: 590.970 GC heap after
{Heap after GC invocations=11 (full 0):
 garbage-first heap   total 262144K, used 50141K [0x00000000e0000000, 0x0000000100000000)
  region size 1024K, 3 young (3072K), 3 survivors (3072K)
 Metaspace       used 58458K, committed 60288K, reserved 380928K
  class space    used 8191K, committed 9152K, reserved 315392K
}

Dll operation events (15 events):
Event: 0.017 Loaded shared library C:\Program Files\Java\jdk-19\bin\java.dll
Event: 0.036 Loaded shared library C:\Program Files\Java\jdk-19\bin\jsvml.dll
Event: 0.142 Loaded shared library C:\Program Files\Java\jdk-19\bin\zip.dll
Event: 0.148 Loaded shared library C:\Program Files\Java\jdk-19\bin\instrument.dll
Event: 0.156 Loaded shared library C:\Program Files\Java\jdk-19\bin\net.dll
Event: 0.160 Loaded shared library C:\Program Files\Java\jdk-19\bin\nio.dll
Event: 0.167 Loaded shared library C:\Program Files\Java\jdk-19\bin\zip.dll
Event: 0.551 Loaded shared library C:\Program Files\Java\jdk-19\bin\jimage.dll
Event: 0.688 Loaded shared library C:\Program Files\Java\jdk-19\bin\verify.dll
Event: 1.038 Loaded shared library C:\Users\Abdellah\.gradle\native\c067742578af261105cb4f569cf0c3c89f3d7b1fecec35dd04571415982c5e48\windows-amd64\native-platform.dll
Event: 1.049 Loaded shared library C:\Users\Abdellah\.gradle\native\38dada09dfb8b06ba9b0570ebf7e218e3eb74d4ef43ca46872605cf95ebc2f47\windows-amd64\native-platform-file-events.dll
Event: 2.846 Loaded shared library C:\Program Files\Java\jdk-19\bin\management.dll
Event: 2.851 Loaded shared library C:\Program Files\Java\jdk-19\bin\management_ext.dll
Event: 3.317 Loaded shared library C:\Program Files\Java\jdk-19\bin\extnet.dll
Event: 3.696 Loaded shared library C:\Program Files\Java\jdk-19\bin\sunmscapi.dll

Deoptimization events (20 events):
Event: 597.412 Thread 0x0000029759095820 DEOPT PACKING pc=0x0000029748d3a574 sp=0x000000dbc6bfa4a0
Event: 597.412 Thread 0x0000029759095820 DEOPT UNPACKING pc=0x00000297487a6d9d sp=0x000000dbc6bfa428 mode 2
Event: 597.413 Thread 0x0000029759095820 Uncommon trap: trap_request=0xffffffc6 fr.pc=0x0000029748d3a574 relative=0x0000000000001294
Event: 597.413 Thread 0x0000029759095820 Uncommon trap: reason=bimorphic_or_optimized_type_check action=maybe_recompile pc=0x0000029748d3a574 method=java.util.concurrent.ConcurrentHashMap.computeIfAbsent(Ljava/lang/Object;Ljava/util/function/Function;)Ljava/lang/Object; @ 241 c2
Event: 597.413 Thread 0x0000029759095820 DEOPT PACKING pc=0x0000029748d3a574 sp=0x000000dbc6bfa4a0
Event: 597.413 Thread 0x0000029759095820 DEOPT UNPACKING pc=0x00000297487a6d9d sp=0x000000dbc6bfa428 mode 2
Event: 597.413 Thread 0x0000029759095820 Uncommon trap: trap_request=0xffffffc6 fr.pc=0x0000029748d3a574 relative=0x0000000000001294
Event: 597.413 Thread 0x0000029759095820 Uncommon trap: reason=bimorphic_or_optimized_type_check action=maybe_recompile pc=0x0000029748d3a574 method=java.util.concurrent.ConcurrentHashMap.computeIfAbsent(Ljava/lang/Object;Ljava/util/function/Function;)Ljava/lang/Object; @ 241 c2
Event: 597.413 Thread 0x0000029759095820 DEOPT PACKING pc=0x0000029748d3a574 sp=0x000000dbc6bfa4a0
Event: 597.413 Thread 0x0000029759095820 DEOPT UNPACKING pc=0x00000297487a6d9d sp=0x000000dbc6bfa428 mode 2
Event: 597.413 Thread 0x0000029759095820 Uncommon trap: trap_request=0xffffffc6 fr.pc=0x0000029748d3a574 relative=0x0000000000001294
Event: 597.413 Thread 0x0000029759095820 Uncommon trap: reason=bimorphic_or_optimized_type_check action=maybe_recompile pc=0x0000029748d3a574 method=java.util.concurrent.ConcurrentHashMap.computeIfAbsent(Ljava/lang/Object;Ljava/util/function/Function;)Ljava/lang/Object; @ 241 c2
Event: 597.413 Thread 0x0000029759095820 DEOPT PACKING pc=0x0000029748d3a574 sp=0x000000dbc6bfa4a0
Event: 597.413 Thread 0x0000029759095820 DEOPT UNPACKING pc=0x00000297487a6d9d sp=0x000000dbc6bfa428 mode 2
Event: 598.860 Thread 0x000002975a7d5ac0 DEOPT PACKING pc=0x00000297422723e9 sp=0x000000dbc51fed80
Event: 598.860 Thread 0x000002975a7d5ac0 DEOPT UNPACKING pc=0x00000297487a7524 sp=0x000000dbc51fe220 mode 0
Event: 599.078 Thread 0x00000297590942e0 Uncommon trap: trap_request=0xffffff45 fr.pc=0x0000029748f342c8 relative=0x0000000000000d48
Event: 599.078 Thread 0x00000297590942e0 Uncommon trap: reason=unstable_if action=reinterpret pc=0x0000029748f342c8 method=org.gradle.internal.logging.text.AbstractLineChoppingStyledTextOutput$2.execute(Lorg/gradle/internal/logging/text/AbstractLineChoppingStyledTextOutput$StateContext;)V @ 34 c
Event: 599.078 Thread 0x00000297590942e0 DEOPT PACKING pc=0x0000029748f342c8 sp=0x000000dbc79fdc60
Event: 599.078 Thread 0x00000297590942e0 DEOPT UNPACKING pc=0x00000297487a6d9d sp=0x000000dbc79fda98 mode 2

Classes loaded (20 events):
Event: 596.974 Loading class java/text/MessageFormat$Field
Event: 596.974 Loading class java/text/MessageFormat$Field done
Event: 596.979 Loading class java/util/EnumMap$Values
Event: 596.979 Loading class java/util/EnumMap$Values done
Event: 596.979 Loading class java/util/EnumMap$ValueIterator
Event: 596.979 Loading class java/util/EnumMap$ValueIterator done
Event: 597.239 Loading class java/util/HashMap$EntrySpliterator
Event: 597.240 Loading class java/util/HashMap$EntrySpliterator done
Event: 597.478 Loading class java/lang/ProcessImpl
Event: 597.479 Loading class java/lang/ProcessImpl done
Event: 597.492 Loading class java/lang/ProcessHandleImpl
Event: 597.493 Loading class java/lang/ProcessHandleImpl done
Event: 597.496 Loading class java/lang/ProcessImpl$2
Event: 597.496 Loading class java/lang/ProcessImpl$2 done
Event: 597.496 Loading class java/lang/Process$PipeInputStream
Event: 597.496 Loading class java/lang/Process$PipeInputStream done
Event: 597.499 Loading class jdk/internal/event/ProcessStartEvent
Event: 597.499 Loading class jdk/internal/event/ProcessStartEvent done
Event: 622.080 Loading class java/time/Instant$1
Event: 622.080 Loading class java/time/Instant$1 done

Classes unloaded (20 events):
Event: 591.088 Thread 0x00000297541a9620 Unloading class 0x00000008010ed400 'java/lang/invoke/LambdaForm$MH+0x00000008010ed400'
Event: 591.088 Thread 0x00000297541a9620 Unloading class 0x00000008010ed000 'java/lang/invoke/LambdaForm$MH+0x00000008010ed000'
Event: 591.088 Thread 0x00000297541a9620 Unloading class 0x00000008010ecc00 'java/lang/invoke/LambdaForm$MH+0x00000008010ecc00'
Event: 591.088 Thread 0x00000297541a9620 Unloading class 0x00000008010e1800 'java/lang/invoke/LambdaForm$MH+0x00000008010e1800'
Event: 591.088 Thread 0x00000297541a9620 Unloading class 0x00000008010e0000 'java/lang/invoke/LambdaForm$MH+0x00000008010e0000'
Event: 591.088 Thread 0x00000297541a9620 Unloading class 0x00000008010df000 'java/lang/invoke/LambdaForm$MH+0x00000008010df000'
Event: 591.088 Thread 0x00000297541a9620 Unloading class 0x00000008010dec00 'java/lang/invoke/LambdaForm$MH+0x00000008010dec00'
Event: 591.088 Thread 0x00000297541a9620 Unloading class 0x00000008010de400 'java/lang/invoke/LambdaForm$MH+0x00000008010de400'
Event: 591.088 Thread 0x00000297541a9620 Unloading class 0x00000008010dcc00 'java/lang/invoke/LambdaForm$MH+0x00000008010dcc00'
Event: 591.088 Thread 0x00000297541a9620 Unloading class 0x00000008010dc800 'java/lang/invoke/LambdaForm$MH+0x00000008010dc800'
Event: 591.088 Thread 0x00000297541a9620 Unloading class 0x00000008010d4800 'java/lang/invoke/LambdaForm$MH+0x00000008010d4800'
Event: 591.088 Thread 0x00000297541a9620 Unloading class 0x00000008010d4400 'java/lang/invoke/LambdaForm$BMH+0x00000008010d4400'
Event: 591.088 Thread 0x00000297541a9620 Unloading class 0x00000008010b1000 'java/lang/invoke/LambdaForm$MH+0x00000008010b1000'
Event: 591.088 Thread 0x00000297541a9620 Unloading class 0x000000080102a400 'java/lang/invoke/LambdaForm$MH+0x000000080102a400'
Event: 591.088 Thread 0x00000297541a9620 Unloading class 0x000000080102a000 'java/lang/invoke/LambdaForm$MH+0x000000080102a000'
Event: 591.088 Thread 0x00000297541a9620 Unloading class 0x0000000801029c00 'java/lang/invoke/LambdaForm$MH+0x0000000801029c00'
Event: 591.088 Thread 0x00000297541a9620 Unloading class 0x0000000801028400 'java/lang/invoke/LambdaForm$MH+0x0000000801028400'
Event: 591.088 Thread 0x00000297541a9620 Unloading class 0x0000000801002000 'java/lang/invoke/LambdaForm$MH+0x0000000801002000'
Event: 591.088 Thread 0x00000297541a9620 Unloading class 0x0000000801001c00 'java/lang/invoke/LambdaForm$MH+0x0000000801001c00'
Event: 591.088 Thread 0x00000297541a9620 Unloading class 0x0000000801001400 'java/lang/invoke/LambdaForm$MH+0x0000000801001400'

Classes redefined (0 events):
No events

Internal exceptions (20 events):
Event: 596.751 Thread 0x0000029759095d70 Exception <a 'java/lang/NoSuchMethodError'{0x00000000e9a4d458}: 'int java.lang.invoke.DirectMethodHandle$Holder.invokeStatic(java.lang.Object, long)'> (0x00000000e9a4d458) 
thrown [s\open\src\hotspot\share\interpreter\linkResolver.cpp, line 774]
Event: 596.757 Thread 0x0000029759095d70 Exception <a 'java/lang/NoSuchMethodError'{0x00000000e9a6e208}: 'int java.lang.invoke.Invokers$Holder.linkToTargetMethod(java.lang.Object, java.lang.Object)'> (0x00000000e9a6e208) 
thrown [s\open\src\hotspot\share\interpreter\linkResolver.cpp, line 774]
Event: 596.809 Thread 0x0000029759095d70 Exception <a 'sun/nio/fs/WindowsException'{0x00000000e990c148}> (0x00000000e990c148) 
thrown [s\open\src\hotspot\share\prims\jni.cpp, line 517]
Event: 596.810 Thread 0x0000029759095d70 Exception <a 'sun/nio/fs/WindowsException'{0x00000000e990d3d8}> (0x00000000e990d3d8) 
thrown [s\open\src\hotspot\share\prims\jni.cpp, line 517]
Event: 596.810 Thread 0x0000029759095d70 Exception <a 'sun/nio/fs/WindowsException'{0x00000000e990e5c0}> (0x00000000e990e5c0) 
thrown [s\open\src\hotspot\share\prims\jni.cpp, line 517]
Event: 596.810 Thread 0x0000029759095d70 Exception <a 'sun/nio/fs/WindowsException'{0x00000000e990f818}> (0x00000000e990f818) 
thrown [s\open\src\hotspot\share\prims\jni.cpp, line 517]
Event: 596.810 Thread 0x0000029759095d70 Exception <a 'sun/nio/fs/WindowsException'{0x00000000e990fbd8}> (0x00000000e990fbd8) 
thrown [s\open\src\hotspot\share\prims\jni.cpp, line 517]
Event: 596.810 Thread 0x0000029759095d70 Exception <a 'sun/nio/fs/WindowsException'{0x00000000e9911e68}> (0x00000000e9911e68) 
thrown [s\open\src\hotspot\share\prims\jni.cpp, line 517]
Event: 596.811 Thread 0x0000029759095d70 Exception <a 'sun/nio/fs/WindowsException'{0x00000000e99121f8}> (0x00000000e99121f8) 
thrown [s\open\src\hotspot\share\prims\jni.cpp, line 517]
Event: 596.811 Thread 0x0000029759095d70 Exception <a 'sun/nio/fs/WindowsException'{0x00000000e9914470}> (0x00000000e9914470) 
thrown [s\open\src\hotspot\share\prims\jni.cpp, line 517]
Event: 596.811 Thread 0x0000029759095d70 Exception <a 'sun/nio/fs/WindowsException'{0x00000000e99147d0}> (0x00000000e99147d0) 
thrown [s\open\src\hotspot\share\prims\jni.cpp, line 517]
Event: 596.811 Thread 0x0000029759095d70 Exception <a 'sun/nio/fs/WindowsException'{0x00000000e9916a38}> (0x00000000e9916a38) 
thrown [s\open\src\hotspot\share\prims\jni.cpp, line 517]
Event: 596.849 Thread 0x0000029759095d70 Exception <a 'sun/nio/fs/WindowsException'{0x00000000e999aaa8}> (0x00000000e999aaa8) 
thrown [s\open\src\hotspot\share\prims\jni.cpp, line 517]
Event: 596.850 Thread 0x0000029759095d70 Exception <a 'sun/nio/fs/WindowsException'{0x00000000e999bd28}> (0x00000000e999bd28) 
thrown [s\open\src\hotspot\share\prims\jni.cpp, line 517]
Event: 596.887 Thread 0x0000029759095d70 Exception <a 'sun/nio/fs/WindowsException'{0x00000000e99f80d8}> (0x00000000e99f80d8) 
thrown [s\open\src\hotspot\share\prims\jni.cpp, line 517]
Event: 596.952 Thread 0x0000029759095d70 Exception <a 'sun/nio/fs/WindowsException'{0x00000000e9879570}> (0x00000000e9879570) 
thrown [s\open\src\hotspot\share\prims\jni.cpp, line 517]
Event: 597.490 Thread 0x0000029759092850 Exception <a 'java/lang/NoSuchMethodError'{0x00000000e9159480}: 'void java.lang.invoke.DirectMethodHandle$Holder.invokeStatic(java.lang.Object, long)'> (0x00000000e9159480) 
thrown [s\open\src\hotspot\share\interpreter\linkResolver.cpp, line 774]
Event: 597.491 Thread 0x0000029759092850 Exception <a 'java/lang/NoSuchMethodError'{0x00000000e915e938}: 'java.lang.Object java.lang.invoke.DirectMethodHandle$Holder.newInvokeSpecial(java.lang.Object, long)'> (0x00000000e915e938) 
thrown [s\open\src\hotspot\share\interpreter\linkResolver.cpp, line 774]
Event: 597.494 Thread 0x0000029759092850 Exception <a 'java/lang/NoSuchMethodError'{0x00000000e9167fc8}: 'java.lang.Object java.lang.invoke.DirectMethodHandle$Holder.invokeStatic(java.lang.Object, long, java.lang.Object)'> (0x00000000e9167fc8) 
thrown [s\open\src\hotspot\share\interpreter\linkResolver.cpp, line 774]
Event: 597.495 Thread 0x0000029759092850 Exception <a 'java/lang/NoSuchMethodError'{0x00000000e916b810}: 'java.lang.Object java.lang.invoke.DirectMethodHandle$Holder.invokeStaticInit(java.lang.Object, long, java.lang.Object)'> (0x00000000e916b810) 
thrown [s\open\src\hotspot\share\interpreter\linkResolver.cpp, line 774]

VM Operations (20 events):
Event: 596.842 Executing VM operation: ICBufferFull
Event: 596.842 Executing VM operation: ICBufferFull done
Event: 597.147 Executing VM operation: HandshakeAllThreads
Event: 597.147 Executing VM operation: HandshakeAllThreads done
Event: 597.159 Executing VM operation: HandshakeAllThreads
Event: 597.159 Executing VM operation: HandshakeAllThreads done
Event: 597.253 Executing VM operation: ICBufferFull
Event: 597.253 Executing VM operation: ICBufferFull done
Event: 597.498 Executing VM operation: HandshakeAllThreads
Event: 597.499 Executing VM operation: HandshakeAllThreads done
Event: 598.499 Executing VM operation: Cleanup
Event: 598.499 Executing VM operation: Cleanup done
Event: 599.508 Executing VM operation: Cleanup
Event: 599.508 Executing VM operation: Cleanup done
Event: 604.527 Executing VM operation: Cleanup
Event: 604.527 Executing VM operation: Cleanup done
Event: 621.673 Executing VM operation: Cleanup
Event: 621.673 Executing VM operation: Cleanup done
Event: 623.702 Executing VM operation: Cleanup
Event: 623.702 Executing VM operation: Cleanup done

Events (20 events):
Event: 592.064 Thread 0x0000029759095820 Thread added: 0x0000029759095820
Event: 592.082 Thread 0x0000029759095d70 Thread added: 0x0000029759095d70
Event: 592.082 Thread 0x0000029759096810 Thread added: 0x0000029759096810
Event: 592.083 Thread 0x0000029759091860 Thread added: 0x0000029759091860
Event: 592.153 Thread 0x0000029759097800 Thread added: 0x0000029759097800
Event: 592.670 Thread 0x0000029759093840 Thread added: 0x0000029759093840
Event: 592.670 Thread 0x0000029759093d90 Thread added: 0x0000029759093d90
Event: 592.670 Thread 0x0000029759094830 Thread added: 0x0000029759094830
Event: 592.742 Thread 0x0000029758432810 flushing nmethod 0x00000297413ef490
Event: 592.746 Thread 0x0000029758432810 flushing nmethod 0x000002974177ad10
Event: 593.592 Thread 0x0000029759094d80 Thread added: 0x0000029759094d80
Event: 593.690 Thread 0x00000297590972b0 Thread added: 0x00000297590972b0
Event: 593.690 Thread 0x0000029759090dc0 Thread added: 0x0000029759090dc0
Event: 593.690 Thread 0x0000029759097d50 Thread added: 0x0000029759097d50
Event: 595.525 Thread 0x00000297591ade80 Thread exited: 0x00000297591ade80
Event: 595.827 Thread 0x00000297591ade80 Thread added: 0x00000297591ade80
Event: 597.476 Thread 0x0000029759092850 Thread added: 0x0000029759092850
Event: 597.501 Thread 0x00000297590987f0 Thread added: 0x00000297590987f0
Event: 597.501 Thread 0x00000297590942e0 Thread added: 0x00000297590942e0
Event: 598.745 Thread 0x00000297591ade80 Thread exited: 0x00000297591ade80


Dynamic libraries:
0x00007ff744640000 - 0x00007ff744650000 	C:\Program Files\Java\jdk-19\bin\java.exe
0x00007ffb55030000 - 0x00007ffb55247000 	C:\Windows\SYSTEM32\ntdll.dll
0x00007ffb539e0000 - 0x00007ffb53aa4000 	C:\Windows\System32\KERNEL32.DLL
0x00007ffb528c0000 - 0x00007ffb52c77000 	C:\Windows\System32\KERNELBASE.dll
0x00007ffb52340000 - 0x00007ffb52451000 	C:\Windows\System32\ucrtbase.dll
0x00007ffb27100000 - 0x00007ffb2711b000 	C:\Program Files\Java\jdk-19\bin\VCRUNTIME140.dll
0x00007ffb24190000 - 0x00007ffb241a8000 	C:\Program Files\Java\jdk-19\bin\jli.dll
0x00007ffb53610000 - 0x00007ffb536c2000 	C:\Windows\System32\ADVAPI32.dll
0x00007ffb53e30000 - 0x00007ffb53ed7000 	C:\Windows\System32\msvcrt.dll
0x00007ffb52f50000 - 0x00007ffb52ff8000 	C:\Windows\System32\sechost.dll
0x00007ffb52c80000 - 0x00007ffb52ca8000 	C:\Windows\System32\bcrypt.dll
0x00007ffb536e0000 - 0x00007ffb537f4000 	C:\Windows\System32\RPCRT4.dll
0x00007ffb53af0000 - 0x00007ffb53c9f000 	C:\Windows\System32\USER32.dll
0x00007ffb52cb0000 - 0x00007ffb52cd6000 	C:\Windows\System32\win32u.dll
0x00007ffb53ca0000 - 0x00007ffb53cc9000 	C:\Windows\System32\GDI32.dll
0x00007ffb36880000 - 0x00007ffb36b13000 	C:\Windows\WinSxS\amd64_microsoft.windows.common-controls_6595b64144ccf1df_6.0.22621.3672_none_2713b9d173822955\COMCTL32.dll
0x00007ffb526e0000 - 0x00007ffb527f8000 	C:\Windows\System32\gdi32full.dll
0x00007ffb524d0000 - 0x00007ffb5256a000 	C:\Windows\System32\msvcp_win.dll
0x00007ffb41770000 - 0x00007ffb4177a000 	C:\Windows\SYSTEM32\VERSION.dll
0x00007ffb53ab0000 - 0x00007ffb53ae1000 	C:\Windows\System32\IMM32.DLL
0x00007ffb4c570000 - 0x00007ffb4c57c000 	C:\Program Files\Java\jdk-19\bin\vcruntime140_1.dll
0x00007ffad9cf0000 - 0x00007ffad9d7e000 	C:\Program Files\Java\jdk-19\bin\msvcp140.dll
0x00007ffaccb80000 - 0x00007ffacd840000 	C:\Program Files\Java\jdk-19\bin\server\jvm.dll
0x00007ffb4ba90000 - 0x00007ffb4bac4000 	C:\Windows\SYSTEM32\WINMM.dll
0x00007ffb31850000 - 0x00007ffb31859000 	C:\Windows\SYSTEM32\WSOCK32.dll
0x00007ffb52dd0000 - 0x00007ffb52e41000 	C:\Windows\System32\WS2_32.dll
0x00007ffb51350000 - 0x00007ffb51368000 	C:\Windows\SYSTEM32\kernel.appcore.dll
0x00007ffb4bb00000 - 0x00007ffb4bb0a000 	C:\Program Files\Java\jdk-19\bin\jimage.dll
0x00007ffb4fbf0000 - 0x00007ffb4fe22000 	C:\Windows\SYSTEM32\DBGHELP.DLL
0x00007ffb53ee0000 - 0x00007ffb5426e000 	C:\Windows\System32\combase.dll
0x00007ffb53530000 - 0x00007ffb53607000 	C:\Windows\System32\OLEAUT32.dll
0x00007ffb388f0000 - 0x00007ffb38922000 	C:\Windows\SYSTEM32\dbgcore.DLL
0x00007ffb52ce0000 - 0x00007ffb52d5b000 	C:\Windows\System32\bcryptPrimitives.dll
0x00007ffb307a0000 - 0x00007ffb307ae000 	C:\Program Files\Java\jdk-19\bin\instrument.dll
0x00007ffb13520000 - 0x00007ffb13546000 	C:\Program Files\Java\jdk-19\bin\java.dll
0x00007ffadf2a0000 - 0x00007ffadf377000 	C:\Program Files\Java\jdk-19\bin\jsvml.dll
0x00007ffb54780000 - 0x00007ffb54fe9000 	C:\Windows\System32\SHELL32.dll
0x00007ffb50260000 - 0x00007ffb50b5f000 	C:\Windows\SYSTEM32\windows.storage.dll
0x00007ffb50120000 - 0x00007ffb5025f000 	C:\Windows\SYSTEM32\wintypes.dll
0x00007ffb54420000 - 0x00007ffb54519000 	C:\Windows\System32\SHCORE.dll
0x00007ffb52d70000 - 0x00007ffb52dce000 	C:\Windows\System32\shlwapi.dll
0x00007ffb52270000 - 0x00007ffb52297000 	C:\Windows\SYSTEM32\profapi.dll
0x00007ffb24040000 - 0x00007ffb24058000 	C:\Program Files\Java\jdk-19\bin\zip.dll
0x00007ffb269a0000 - 0x00007ffb269b3000 	C:\Program Files\Java\jdk-19\bin\net.dll
0x00007ffb4a790000 - 0x00007ffb4a8c6000 	C:\Windows\SYSTEM32\WINHTTP.dll
0x00007ffb517b0000 - 0x00007ffb51819000 	C:\Windows\system32\mswsock.dll
0x00007ffb240d0000 - 0x00007ffb240e6000 	C:\Program Files\Java\jdk-19\bin\nio.dll
0x00007ffb49120000 - 0x00007ffb49130000 	C:\Program Files\Java\jdk-19\bin\verify.dll
0x00007ffb24140000 - 0x00007ffb24167000 	C:\Users\Abdellah\.gradle\native\c067742578af261105cb4f569cf0c3c89f3d7b1fecec35dd04571415982c5e48\windows-amd64\native-platform.dll
0x00007ffae1ab0000 - 0x00007ffae1bf4000 	C:\Users\Abdellah\.gradle\native\38dada09dfb8b06ba9b0570ebf7e218e3eb74d4ef43ca46872605cf95ebc2f47\windows-amd64\native-platform-file-events.dll
0x00007ffb32630000 - 0x00007ffb3263a000 	C:\Program Files\Java\jdk-19\bin\management.dll
0x00007ffb30c70000 - 0x00007ffb30c7b000 	C:\Program Files\Java\jdk-19\bin\management_ext.dll
0x00007ffb52d60000 - 0x00007ffb52d68000 	C:\Windows\System32\PSAPI.DLL
0x00007ffb51b00000 - 0x00007ffb51b1b000 	C:\Windows\SYSTEM32\CRYPTSP.dll
0x00007ffb512b0000 - 0x00007ffb512e5000 	C:\Windows\system32\rsaenh.dll
0x00007ffb51850000 - 0x00007ffb51878000 	C:\Windows\SYSTEM32\USERENV.dll
0x00007ffb51ae0000 - 0x00007ffb51aec000 	C:\Windows\SYSTEM32\CRYPTBASE.dll
0x00007ffb50e00000 - 0x00007ffb50e2d000 	C:\Windows\SYSTEM32\IPHLPAPI.DLL
0x00007ffb52eb0000 - 0x00007ffb52eb9000 	C:\Windows\System32\NSI.dll
0x00007ffb4ac80000 - 0x00007ffb4ac99000 	C:\Windows\SYSTEM32\dhcpcsvc6.DLL
0x00007ffb4a050000 - 0x00007ffb4a06f000 	C:\Windows\SYSTEM32\dhcpcsvc.DLL
0x00007ffb50e30000 - 0x00007ffb50f32000 	C:\Windows\SYSTEM32\DNSAPI.dll
0x00007ffb49100000 - 0x00007ffb49108000 	C:\Program Files\Java\jdk-19\bin\extnet.dll
0x00007ffb4ca00000 - 0x00007ffb4ca0e000 	C:\Program Files\Java\jdk-19\bin\sunmscapi.dll
0x00007ffb52570000 - 0x00007ffb526d6000 	C:\Windows\System32\CRYPT32.dll
0x00007ffb51c80000 - 0x00007ffb51cad000 	C:\Windows\SYSTEM32\ncrypt.dll
0x00007ffb51bd0000 - 0x00007ffb51c07000 	C:\Windows\SYSTEM32\NTASN1.dll
0x00007ffb3ca00000 - 0x00007ffb3ca08000 	C:\Windows\system32\wshunix.dll

dbghelp: loaded successfully - version: 4.0.5 - missing functions: none
symbol engine: initialized successfully - sym options: 0x614 - pdb path: .;C:\Program Files\Java\jdk-19\bin;C:\Windows\SYSTEM32;C:\Windows\WinSxS\amd64_microsoft.windows.common-controls_6595b64144ccf1df_6.0.22621.3672_none_2713b9d173822955;C:\Program Files\Java\jdk-19\bin\server;C:\Users\Abdellah\.gradle\native\c067742578af261105cb4f569cf0c3c89f3d7b1fecec35dd04571415982c5e48\windows-amd64;C:\Users\Abdellah\.gradle\native\38dada09dfb8b06ba9b0570ebf7e218e3eb74d4ef43ca46872605cf95ebc2f47\windows-amd64

VM Arguments:
jvm_args: --add-opens=java.base/java.util=ALL-UNNAMED --add-opens=java.base/java.lang=ALL-UNNAMED --add-opens=java.base/java.lang.invoke=ALL-UNNAMED --add-opens=java.prefs/java.util.prefs=ALL-UNNAMED --add-opens=java.base/java.nio.charset=ALL-UNNAMED --add-opens=java.base/java.net=ALL-UNNAMED --add-opens=java.base/java.util.concurrent.atomic=ALL-UNNAMED -XX:MaxMetaspaceSize=384m -XX:+HeapDumpOnOutOfMemoryError -Xms256m -Xmx512m -Dfile.encoding=UTF-8 -Duser.country=FR -Duser.language=fr -Duser.variant -javaagent:C:\Users\Abdellah\.gradle\wrapper\dists\gradle-8.5-bin\5t9huq95ubn472n8rpzujfbqh\gradle-8.5\lib\agents\gradle-instrumentation-agent-8.5.jar 
java_command: org.gradle.launcher.daemon.bootstrap.GradleDaemon 8.5
java_class_path (initial): C:\Users\Abdellah\.gradle\wrapper\dists\gradle-8.5-bin\5t9huq95ubn472n8rpzujfbqh\gradle-8.5\lib\gradle-launcher-8.5.jar
Launcher Type: SUN_STANDARD

[Global flags]
     intx CICompilerCount                          = 3                                         {product} {ergonomic}
   size_t CompressedClassSpaceSize                 = 322961408                                 {product} {ergonomic}
     uint ConcGCThreads                            = 1                                         {product} {ergonomic}
     uint G1ConcRefinementThreads                  = 4                                         {product} {ergonomic}
   size_t G1HeapRegionSize                         = 1048576                                   {product} {ergonomic}
    uintx GCDrainStackTargetSize                   = 64                                        {product} {ergonomic}
     bool HeapDumpOnOutOfMemoryError               = true                                   {manageable} {command line}
   size_t InitialHeapSize                          = 268435456                                 {product} {command line}
   size_t MarkStackSize                            = 4194304                                   {product} {ergonomic}
   size_t MaxHeapSize                              = 536870912                                 {product} {command line}
   size_t MaxMetaspaceSize                         = 402653184                                 {product} {command line}
   size_t MaxNewSize                               = 321912832                                 {product} {ergonomic}
   size_t MinHeapDeltaBytes                        = 1048576                                   {product} {ergonomic}
   size_t MinHeapSize                              = 268435456                                 {product} {command line}
    uintx NonNMethodCodeHeapSize                   = 5832780                                {pd product} {ergonomic}
    uintx NonProfiledCodeHeapSize                  = 122912730                              {pd product} {ergonomic}
    uintx ProfiledCodeHeapSize                     = 122912730                              {pd product} {ergonomic}
    uintx ReservedCodeCacheSize                    = 251658240                              {pd product} {ergonomic}
     bool SegmentedCodeCache                       = true                                      {product} {ergonomic}
   size_t SoftMaxHeapSize                          = 536870912                              {manageable} {ergonomic}
     bool UseCompressedClassPointers               = true                           {product lp64_product} {ergonomic}
     bool UseCompressedOops                        = true                           {product lp64_product} {ergonomic}
     bool UseG1GC                                  = true                                      {product} {ergonomic}
     bool UseLargePagesIndividualAllocation        = false                                  {pd product} {ergonomic}

Logging:
Log output configuration:
 #0: stdout all=warning uptime,level,tags foldmultilines=false
 #1: stderr all=off uptime,level,tags foldmultilines=false

Environment Variables:
CLASSPATH=C:\Users\Abdellah\Documents\Projets\Taches_Stage\Backend\starter\\gradle\wrapper\gradle-wrapper.jar
PATH=D:\flutter\bin\;C:\Program Files\Python39\Scripts\;C:\Program Files\Python39\;C:\Program Files\Python310\Scripts\;C:\Program Files\Python310\;C:\Program Files\Python38\Scripts\;C:\Program Files\Python38\;C:\Users\Abdellah\AppData\Local\Programs\Python\Python37\Scripts\;C:\Users\Abdellah\AppData\Local\Programs\Python\Python37\;C:\Program Files\Scripts\;C:\Program Files\;C:\Program Files\Common Files\Oracle\Java\javapath;C:\Windows\system32;C:\Windows;C:\Windows\System32\Wbem;C:\Windows\System32\WindowsPowerShell\v1.0\;C:\Windows\System32\OpenSSH\;C:\Program Files (x86)\dotnet\;C:\Program Files\Git\cmd;C:\ProgramData\ComposerSetup\bin;C:\ProgramData\chocolatey\bin;C:\Program Files\nodejs\;C:\Program Files\VSCodium\bin;C:\Program Files (x86)\Common Files\ALPI SHARED;C:\Users\Abdellah\AppData\Local\Microsoft\WindowsApps;"C:\Program Files\Java\jdk-19\bin;";"C:\Program Files\Python39\Scripts;";"C:\Program Files\Python39;";C:\xampp\php;C:\MinGW\bin\;C:\Program Files\Git;C:\Program Files\Git\bin;D:\flutter\bin;C:\Users\Abdellah\AppData\Roaming\Composer\vendor\bin;D:\apache-maven-3.9.6\bin;C:\Users\Abdellah\AppData\Roaming\Python\Python39\Scripts;C:\ProgramData\mingw64\mingw64\bin;C:\tools\mingw64\bin;C:\Users\Abdellah\AppData\Roaming\npm;C:\Users\Abdellah\AppData\Local\JetBrains\Toolbox\scripts;C:\Users\Abdellah\AppData\Local\Programs\Microsoft VS Code\bin;C:\Program Files\MongoDB\Server\8.0\bin;D:\gradle\gradle-8.4\bin;
USERNAME=Abdellah
LANG=fr_FR.UTF-8
OS=Windows_NT
PROCESSOR_IDENTIFIER=Intel64 Family 6 Model 122 Stepping 8, GenuineIntel
TMP=C:\Users\Abdellah\AppData\Local\Temp
TEMP=C:\Users\Abdellah\AppData\Local\Temp



---------------  S Y S T E M  ---------------

OS:
 Windows 11 , 64 bit Build 22621 (10.0.22621.3958)
OS uptime: 4 days 23:50 hours
Hyper-V role detected

CPU: total 4 (initial active 4) (4 cores per cpu, 1 threads per core) family 6 model 122 stepping 8 microcode 0x20, cx8, cmov, fxsr, mmx, 3dnowpref, sse, sse2, sse3, ssse3, sse4.1, sse4.2, popcnt, tsc, tscinvbit, aes, erms, clmul, sha, clflush, clflushopt, hv, rdtscp, rdpid

Memory: 4k page, system-wide physical 7995M (629M free)
TotalPageFile size 21235M (AvailPageFile size 4M)
current process WorkingSet (physical memory assigned to process): 422M, peak: 445M
current process commit charge ("private bytes"): 489M, peak: 513M

vm_info: Java HotSpot(TM) 64-Bit Server VM (19.0.1+10-21) for windows-amd64 JRE (19.0.1+10-21), built on 2022-09-14T12:45:06Z by "mach5one" with MS VC++ 17.1 (VS2022)

END.
